Log file open, 08/06/18 19:57:05
LogWindows: Failed to load 'aqProf.dll' (GetLastError=126)
LogWindows: File 'aqProf.dll' does not exist
LogWindows: Failed to load 'VtuneApi.dll' (GetLastError=126)
LogWindows: File 'VtuneApi.dll' does not exist
LogWindows: Failed to load 'VtuneApi32e.dll' (GetLastError=126)
LogWindows: File 'VtuneApi32e.dll' does not exist
LogInit: Display: Running engine for game: SpaceMatch
LogPlatformFile: Not using cached read wrapper
LogInit: Display: RandInit(1240231630) SRandInit(1240231630).
LogInit: Read version file with build ID '3944462'
LogInit: Overriding engine version to CL 4033788, compatible CL 3944462
LogInit: Registered custom module enumerator with build ID '3944462'
LogTaskGraph: Started task graph with 5 named threads and 17 total threads with 3 sets of task threads.
LogStats: Stats thread started at 0.255669
LogD3D11RHI: Aftermath initialized
LogICUInternationalization: Display: ICU TimeZone Detection - Raw Offset: -5:00, Platform Override: ''
LogPluginManager: Mounting plugin Paper2D
LogPluginManager: Mounting plugin LiveLink
LogPluginManager: Mounting plugin LightPropagationVolume
LogPluginManager: Mounting plugin CLionSourceCodeAccess
LogPluginManager: Mounting plugin CodeLiteSourceCodeAccess
LogPluginManager: Mounting plugin GitSourceControl
LogPluginManager: Mounting plugin KDevelopSourceCodeAccess
LogPluginManager: Mounting plugin NullSourceCodeAccess
LogPluginManager: Mounting plugin PerforceSourceControl
LogPluginManager: Mounting plugin SubversionSourceControl
LogPluginManager: Mounting plugin UObjectPlugin
LogPluginManager: Mounting plugin VisualStudioCodeSourceCodeAccess
LogPluginManager: Mounting plugin VisualStudioSourceCodeAccess
LogPluginManager: Mounting plugin XCodeSourceCodeAccess
LogPluginManager: Mounting plugin AssetManagerEditor
LogPluginManager: Mounting plugin CryptoKeys
LogPluginManager: Mounting plugin DataValidation
LogPluginManager: Mounting plugin FacialAnimation
LogPluginManager: Mounting plugin GameplayTagsEditor
LogPluginManager: Mounting plugin MobileLauncherProfileWizard
LogPluginManager: Mounting plugin PluginBrowser
LogPluginManager: Mounting plugin SpeedTreeImporter
LogPluginManager: Mounting plugin DatasmithContent
LogPluginManager: Mounting plugin AlembicImporter
LogPluginManager: Mounting plugin CharacterAI
LogPluginManager: Mounting plugin HTML5Networking
LogPluginManager: Mounting plugin AndroidMedia
LogPluginManager: Mounting plugin AvfMedia
LogPluginManager: Mounting plugin ImgMedia
LogPluginManager: Mounting plugin LinearTimecode
LogPluginManager: Mounting plugin MediaCompositing
LogPluginManager: Mounting plugin MediaPlayerEditor
LogPluginManager: Mounting plugin WmfMedia
LogPluginManager: Mounting plugin TcpMessaging
LogPluginManager: Mounting plugin UdpMessaging
LogPluginManager: Mounting plugin ActorSequence
LogPluginManager: Mounting plugin LevelSequenceEditor
LogPluginManager: Mounting plugin MatineeToLevelSequence
LogPluginManager: Mounting plugin NetcodeUnitTest
LogPluginManager: Mounting plugin NUTUnrealEngine4
LogPluginManager: Mounting plugin OnlineSubsystemGooglePlay
LogPluginManager: Mounting plugin OnlineSubsystemIOS
LogPluginManager: Mounting plugin OnlineSubsystem
LogPluginManager: Mounting plugin OnlineSubsystemNull
LogPluginManager: Mounting plugin OnlineSubsystemUtils
LogPluginManager: Mounting plugin AndroidDeviceProfileSelector
LogPluginManager: Mounting plugin AndroidMoviePlayer
LogPluginManager: Mounting plugin AndroidPermission
LogPluginManager: Mounting plugin AppleARKit
LogPluginManager: Mounting plugin AppleMoviePlayer
LogPluginManager: Mounting plugin ArchVisCharacter
LogPluginManager: Mounting plugin AudioCapture
LogPluginManager: Mounting plugin CableComponent
LogPluginManager: Mounting plugin CustomMeshComponent
LogPluginManager: Mounting plugin ExampleDeviceProfileSelector
LogPluginManager: Mounting plugin GoogleCloudMessaging
LogPluginManager: Mounting plugin ImmediatePhysics
LogPluginManager: Mounting plugin IOSDeviceProfileSelector
LogPluginManager: Mounting plugin LinuxDeviceProfileSelector
LogPluginManager: Mounting plugin LocationServicesBPLibrary
LogPluginManager: Mounting plugin MobilePatchingUtils
LogPluginManager: Mounting plugin OculusVR
LogPluginManager: Plugin shader directory ../../../Engine/Plugins/Runtime/Oculus/OculusVR/Shaders found
LogPluginManager: Mapping shader source directory ../../../Engine/Plugins/Runtime/Oculus/OculusVR/Shaders to virtual directory /Plugin/OculusVR
LogPluginManager: Mounting plugin PhysXVehicles
LogPluginManager: Mounting plugin ProceduralMeshComponent
LogPluginManager: Mounting plugin RuntimePhysXCooking
LogPluginManager: Mounting plugin SteamVR
LogPluginManager: Mounting plugin WindowsMoviePlayer
LogPluginManager: Mounting plugin Wwise
LogStreaming: Display: Took  0.472s to configure plugins.
LogModuleManager: Display: Found up-to-date module file ../../../../../../Users/jeang/Documents/biopunchteam/SpaceMatch/Binaries/Win64/UE4Editor-SpaceMatch.dll (API version 3944462).
LogModuleManager: Display: Found up-to-date module file ../../../Engine/Plugins/2D/Paper2D/Binaries/Win64/UE4Editor-Paper2D.dll (API version 3944462).
LogModuleManager: Display: Found up-to-date module file ../../../Engine/Plugins/2D/Paper2D/Binaries/Win64/UE4Editor-Paper2DEditor.dll (API version 3944462).
LogModuleManager: Display: Found up-to-date module file ../../../Engine/Plugins/2D/Paper2D/Binaries/Win64/UE4Editor-PaperSpriteSheetImporter.dll (API version 3944462).
LogModuleManager: Display: Found up-to-date module file ../../../Engine/Plugins/2D/Paper2D/Binaries/Win64/UE4Editor-PaperTiledImporter.dll (API version 3944462).
LogModuleManager: Display: Found up-to-date module file ../../../Engine/Plugins/2D/Paper2D/Binaries/Win64/UE4Editor-SmartSnapping.dll (API version 3944462).
LogModuleManager: Display: Found up-to-date module file ../../../Engine/Plugins/Animation/LiveLink/Binaries/Win64/UE4Editor-LiveLink.dll (API version 3944462).
LogModuleManager: Display: Found up-to-date module file ../../../Engine/Plugins/Animation/LiveLink/Binaries/Win64/UE4Editor-LiveLinkEditor.dll (API version 3944462).
LogModuleManager: Display: Found up-to-date module file ../../../Engine/Plugins/Blendables/LightPropagationVolume/Binaries/Win64/UE4Editor-LightPropagationVolumeRuntime.dll (API version 3944462).
LogModuleManager: Display: Found up-to-date module file ../../../Engine/Plugins/Blendables/LightPropagationVolume/Binaries/Win64/UE4Editor-LightPropagationVolumeEditor.dll (API version 3944462).
LogModuleManager: Display: Found up-to-date module file ../../../Engine/Plugins/Developer/CLionSourceCodeAccess/Binaries/Win64/UE4Editor-CLionSourceCodeAccess.dll (API version 3944462).
LogModuleManager: Display: Found up-to-date module file ../../../Engine/Plugins/Developer/GitSourceControl/Binaries/Win64/UE4Editor-GitSourceControl.dll (API version 3944462).
LogModuleManager: Display: Found up-to-date module file ../../../Engine/Plugins/Developer/PerforceSourceControl/Binaries/Win64/UE4Editor-PerforceSourceControl.dll (API version 3944462).
LogModuleManager: Display: Found up-to-date module file ../../../Engine/Plugins/Developer/SubversionSourceControl/Binaries/Win64/UE4Editor-SubversionSourceControl.dll (API version 3944462).
LogModuleManager: Display: Found up-to-date module file ../../../Engine/Plugins/Developer/UObjectPlugin/Binaries/Win64/UE4Editor-UObjectPlugin.dll (API version 3944462).
LogModuleManager: Display: Found up-to-date module file ../../../Engine/Plugins/Developer/VisualStudioCodeSourceCodeAccess/Binaries/Win64/UE4Editor-VisualStudioCodeSourceCodeAccess.dll (API version 3944462).
LogModuleManager: Display: Found up-to-date module file ../../../Engine/Plugins/Developer/VisualStudioSourceCodeAccess/Binaries/Win64/UE4Editor-VisualStudioSourceCodeAccess.dll (API version 3944462).
LogModuleManager: Display: Found up-to-date module file ../../../Engine/Plugins/Editor/AssetManagerEditor/Binaries/Win64/UE4Editor-AssetManagerEditor.dll (API version 3944462).
LogModuleManager: Display: Found up-to-date module file ../../../Engine/Plugins/Editor/CryptoKeys/Binaries/Win64/UE4Editor-CryptoKeys.dll (API version 3944462).
LogModuleManager: Display: Found up-to-date module file ../../../Engine/Plugins/Editor/CryptoKeys/Binaries/Win64/UE4Editor-CryptoKeysOpenSSL.dll (API version 3944462).
LogModuleManager: Display: Found up-to-date module file ../../../Engine/Plugins/Editor/DataValidation/Binaries/Win64/UE4Editor-DataValidation.dll (API version 3944462).
LogModuleManager: Display: Found up-to-date module file ../../../Engine/Plugins/Editor/FacialAnimation/Binaries/Win64/UE4Editor-FacialAnimation.dll (API version 3944462).
LogModuleManager: Display: Found up-to-date module file ../../../Engine/Plugins/Editor/FacialAnimation/Binaries/Win64/UE4Editor-FacialAnimationEditor.dll (API version 3944462).
LogModuleManager: Display: Found up-to-date module file ../../../Engine/Plugins/Editor/GameplayTagsEditor/Binaries/Win64/UE4Editor-GameplayTagsEditor.dll (API version 3944462).
LogModuleManager: Display: Found up-to-date module file ../../../Engine/Plugins/Editor/MobileLauncherProfileWizard/Binaries/Win64/UE4Editor-MobileLauncherProfileWizard.dll (API version 3944462).
LogModuleManager: Display: Found up-to-date module file ../../../Engine/Plugins/Editor/PluginBrowser/Binaries/Win64/UE4Editor-PluginBrowser.dll (API version 3944462).
LogModuleManager: Display: Found up-to-date module file ../../../Engine/Plugins/Editor/SpeedTreeImporter/Binaries/Win64/UE4Editor-SpeedTreeImporter.dll (API version 3944462).
LogModuleManager: Display: Found up-to-date module file ../../../Engine/Plugins/Enterprise/DatasmithContent/Binaries/Win64/UE4Editor-DatasmithContent.dll (API version 3944462).
LogModuleManager: Display: Found up-to-date module file ../../../Engine/Plugins/Experimental/AlembicImporter/Binaries/Win64/UE4Editor-AlembicImporter.dll (API version 3944462).
LogModuleManager: Display: Found up-to-date module file ../../../Engine/Plugins/Experimental/AlembicImporter/Binaries/Win64/UE4Editor-AlembicLibrary.dll (API version 3944462).
LogModuleManager: Display: Found up-to-date module file ../../../Engine/Plugins/Experimental/CharacterAI/Binaries/Win64/UE4Editor-CharacterAI.dll (API version 3944462).
LogModuleManager: Display: Found up-to-date module file ../../../Engine/Plugins/Experimental/HTML5Networking/Binaries/Win64/UE4Editor-HTML5Networking.dll (API version 3944462).
LogModuleManager: Display: Found up-to-date module file ../../../Engine/Plugins/Media/AndroidMedia/Binaries/Win64/UE4Editor-AndroidMediaEditor.dll (API version 3944462).
LogModuleManager: Display: Found up-to-date module file ../../../Engine/Plugins/Media/AndroidMedia/Binaries/Win64/UE4Editor-AndroidMediaFactory.dll (API version 3944462).
LogModuleManager: Display: Found up-to-date module file ../../../Engine/Plugins/Media/AvfMedia/Binaries/Win64/UE4Editor-AvfMediaEditor.dll (API version 3944462).
LogModuleManager: Display: Found up-to-date module file ../../../Engine/Plugins/Media/AvfMedia/Binaries/Win64/UE4Editor-AvfMediaFactory.dll (API version 3944462).
LogModuleManager: Display: Found up-to-date module file ../../../Engine/Plugins/Media/AvfMedia/Binaries/Win64/UE4Editor-AvfMediaFactory.dll (API version 3944462).
LogModuleManager: Display: Found up-to-date module file ../../../Engine/Plugins/Media/ImgMedia/Binaries/Win64/UE4Editor-ImgMedia.dll (API version 3944462).
LogModuleManager: Display: Found up-to-date module file ../../../Engine/Plugins/Media/ImgMedia/Binaries/Win64/UE4Editor-ImgMediaEditor.dll (API version 3944462).
LogModuleManager: Display: Found up-to-date module file ../../../Engine/Plugins/Media/ImgMedia/Binaries/Win64/UE4Editor-ImgMediaFactory.dll (API version 3944462).
LogModuleManager: Display: Found up-to-date module file ../../../Engine/Plugins/Media/ImgMedia/Binaries/Win64/UE4Editor-ImgMediaFactory.dll (API version 3944462).
LogModuleManager: Display: Found up-to-date module file ../../../Engine/Plugins/Media/ImgMedia/Binaries/Win64/UE4Editor-OpenExrWrapper.dll (API version 3944462).
LogModuleManager: Display: Found up-to-date module file ../../../Engine/Plugins/Media/LinearTimecode/Binaries/Win64/UE4Editor-LinearTimecode.dll (API version 3944462).
LogModuleManager: Display: Found up-to-date module file ../../../Engine/Plugins/Media/MediaCompositing/Binaries/Win64/UE4Editor-MediaCompositing.dll (API version 3944462).
LogModuleManager: Display: Found up-to-date module file ../../../Engine/Plugins/Media/MediaCompositing/Binaries/Win64/UE4Editor-MediaCompositingEditor.dll (API version 3944462).
LogModuleManager: Display: Found up-to-date module file ../../../Engine/Plugins/Media/MediaPlayerEditor/Binaries/Win64/UE4Editor-MediaPlayerEditor.dll (API version 3944462).
LogModuleManager: Display: Found up-to-date module file ../../../Engine/Plugins/Media/WmfMedia/Binaries/Win64/UE4Editor-WmfMedia.dll (API version 3944462).
LogModuleManager: Display: Found up-to-date module file ../../../Engine/Plugins/Media/WmfMedia/Binaries/Win64/UE4Editor-WmfMediaEditor.dll (API version 3944462).
LogModuleManager: Display: Found up-to-date module file ../../../Engine/Plugins/Media/WmfMedia/Binaries/Win64/UE4Editor-WmfMediaFactory.dll (API version 3944462).
LogModuleManager: Display: Found up-to-date module file ../../../Engine/Plugins/Media/WmfMedia/Binaries/Win64/UE4Editor-WmfMediaFactory.dll (API version 3944462).
LogModuleManager: Display: Found up-to-date module file ../../../Engine/Plugins/Messaging/TcpMessaging/Binaries/Win64/UE4Editor-TcpMessaging.dll (API version 3944462).
LogModuleManager: Display: Found up-to-date module file ../../../Engine/Plugins/Messaging/UdpMessaging/Binaries/Win64/UE4Editor-UdpMessaging.dll (API version 3944462).
LogModuleManager: Display: Found up-to-date module file ../../../Engine/Plugins/MovieScene/ActorSequence/Binaries/Win64/UE4Editor-ActorSequence.dll (API version 3944462).
LogModuleManager: Display: Found up-to-date module file ../../../Engine/Plugins/MovieScene/LevelSequenceEditor/Binaries/Win64/UE4Editor-LevelSequenceEditor.dll (API version 3944462).
LogModuleManager: Display: Found up-to-date module file ../../../Engine/Plugins/MovieScene/MatineeToLevelSequence/Binaries/Win64/UE4Editor-MatineeToLevelSequence.dll (API version 3944462).
LogModuleManager: Display: Found up-to-date module file ../../../Engine/Plugins/NetcodeUnitTest/NetcodeUnitTest/Binaries/Win64/UE4Editor-NetcodeUnitTest.dll (API version 3944462).
LogModuleManager: Display: Found up-to-date module file ../../../Engine/Plugins/NetcodeUnitTest/NUTUnrealEngine4/Binaries/Win64/UE4Editor-NUTUnrealEngine4.dll (API version 3944462).
LogModuleManager: Display: Found up-to-date module file ../../../Engine/Plugins/Online/OnlineSubsystem/Binaries/Win64/UE4Editor-OnlineSubsystem.dll (API version 3944462).
LogModuleManager: Display: Found up-to-date module file ../../../Engine/Plugins/Online/OnlineSubsystemNull/Binaries/Win64/UE4Editor-OnlineSubsystemNull.dll (API version 3944462).
LogModuleManager: Display: Found up-to-date module file ../../../Engine/Plugins/Online/OnlineSubsystemUtils/Binaries/Win64/UE4Editor-OnlineSubsystemUtils.dll (API version 3944462).
LogModuleManager: Display: Found up-to-date module file ../../../Engine/Plugins/Online/OnlineSubsystemUtils/Binaries/Win64/UE4Editor-OnlineBlueprintSupport.dll (API version 3944462).
LogModuleManager: Display: Found up-to-date module file ../../../Engine/Plugins/Runtime/AndroidDeviceProfileSelector/Binaries/Win64/UE4Editor-AndroidDeviceProfileSelector.dll (API version 3944462).
LogModuleManager: Display: Found up-to-date module file ../../../Engine/Plugins/Runtime/AndroidPermission/Binaries/Win64/UE4Editor-AndroidPermission.dll (API version 3944462).
LogModuleManager: Display: Found up-to-date module file ../../../Engine/Plugins/Runtime/AppleARKit/Binaries/Win64/UE4Editor-AppleARKit.dll (API version 3944462).
LogModuleManager: Display: Found up-to-date module file ../../../Engine/Plugins/Runtime/ArchVisCharacter/Binaries/Win64/UE4Editor-ArchVisCharacter.dll (API version 3944462).
LogModuleManager: Display: Found up-to-date module file ../../../Engine/Plugins/Runtime/AudioCapture/Binaries/Win64/UE4Editor-AudioCapture.dll (API version 3944462).
LogModuleManager: Display: Found up-to-date module file ../../../Engine/Plugins/Runtime/AudioCapture/Binaries/Win64/UE4Editor-AudioCaptureEditor.dll (API version 3944462).
LogModuleManager: Display: Found up-to-date module file ../../../Engine/Plugins/Runtime/CableComponent/Binaries/Win64/UE4Editor-CableComponent.dll (API version 3944462).
LogModuleManager: Display: Found up-to-date module file ../../../Engine/Plugins/Runtime/CustomMeshComponent/Binaries/Win64/UE4Editor-CustomMeshComponent.dll (API version 3944462).
LogModuleManager: Display: Found up-to-date module file ../../../Engine/Plugins/Runtime/ExampleDeviceProfileSelector/Binaries/Win64/UE4Editor-ExampleDeviceProfileSelector.dll (API version 3944462).
LogModuleManager: Display: Found up-to-date module file ../../../Engine/Plugins/Runtime/ImmediatePhysics/Binaries/Win64/UE4Editor-ImmediatePhysics.dll (API version 3944462).
LogModuleManager: Display: Found up-to-date module file ../../../Engine/Plugins/Runtime/ImmediatePhysics/Binaries/Win64/UE4Editor-ImmediatePhysicsEditor.dll (API version 3944462).
LogModuleManager: Display: Found up-to-date module file ../../../Engine/Plugins/Runtime/LocationServicesBPLibrary/Binaries/Win64/UE4Editor-LocationServicesBPLibrary.dll (API version 3944462).
LogModuleManager: Display: Found up-to-date module file ../../../Engine/Plugins/Runtime/MobilePatchingUtils/Binaries/Win64/UE4Editor-MobilePatchingUtils.dll (API version 3944462).
LogModuleManager: Display: Found up-to-date module file ../../../Engine/Plugins/Runtime/Oculus/OculusVR/Binaries/Win64/UE4Editor-OculusHMD.dll (API version 3944462).
LogModuleManager: Display: Found up-to-date module file ../../../Engine/Plugins/Runtime/Oculus/OculusVR/Binaries/Win64/UE4Editor-OculusInput.dll (API version 3944462).
LogModuleManager: Display: Found up-to-date module file ../../../Engine/Plugins/Runtime/Oculus/OculusVR/Binaries/Win64/UE4Editor-OculusEditor.dll (API version 3944462).
LogModuleManager: Display: Found up-to-date module file ../../../Engine/Plugins/Runtime/PhysXVehicles/Binaries/Win64/UE4Editor-PhysXVehicles.dll (API version 3944462).
LogModuleManager: Display: Found up-to-date module file ../../../Engine/Plugins/Runtime/PhysXVehicles/Binaries/Win64/UE4Editor-PhysXVehiclesEditor.dll (API version 3944462).
LogModuleManager: Display: Found up-to-date module file ../../../Engine/Plugins/Runtime/ProceduralMeshComponent/Binaries/Win64/UE4Editor-ProceduralMeshComponent.dll (API version 3944462).
LogModuleManager: Display: Found up-to-date module file ../../../Engine/Plugins/Runtime/ProceduralMeshComponent/Binaries/Win64/UE4Editor-ProceduralMeshComponentEditor.dll (API version 3944462).
LogModuleManager: Display: Found up-to-date module file ../../../Engine/Plugins/Runtime/RuntimePhysXCooking/Binaries/Win64/UE4Editor-RuntimePhysXCooking.dll (API version 3944462).
LogModuleManager: Display: Found up-to-date module file ../../../Engine/Plugins/Runtime/Steam/SteamVR/Binaries/Win64/UE4Editor-SteamVR.dll (API version 3944462).
LogModuleManager: Display: Found up-to-date module file ../../../Engine/Plugins/Runtime/Steam/SteamVR/Binaries/Win64/UE4Editor-SteamVRController.dll (API version 3944462).
LogModuleManager: Display: Found up-to-date module file ../../../Engine/Plugins/Runtime/WindowsMoviePlayer/Binaries/Win64/UE4Editor-WindowsMoviePlayer.dll (API version 3944462).
LogModuleManager: Display: Found up-to-date module file ../../../../../../Users/jeang/Documents/biopunchteam/SpaceMatch/Plugins/Wwise/Binaries/Win64/UE4Editor-AkAudio.dll (API version 3944462).
LogModuleManager: Display: Found up-to-date module file ../../../../../../Users/jeang/Documents/biopunchteam/SpaceMatch/Plugins/Wwise/Binaries/Win64/UE4Editor-AudiokineticTools.dll (API version 3944462).
LogInit: Using libcurl 7.47.1
LogInit:  - built for x86_64-pc-win32
LogInit:  - supports SSL with OpenSSL/1.0.2g
LogInit:  - supports HTTP deflate (compression) using libz 1.2.8
LogInit:  - other features:
LogInit:      CURL_VERSION_SSL
LogInit:      CURL_VERSION_LIBZ
LogInit:      CURL_VERSION_IPV6
LogInit:      CURL_VERSION_ASYNCHDNS
LogInit:      CURL_VERSION_LARGEFILE
LogInit:      CURL_VERSION_IDN
LogInit:  CurlRequestOptions (configurable via config and command line):
LogInit:  - bVerifyPeer = false  - Libcurl will NOT verify peer certificate
LogInit:  - bUseHttpProxy = false  - Libcurl will NOT use HTTP proxy
LogInit:  - bDontReuseConnections = false  - Libcurl will reuse connections
LogInit:  - CertBundlePath = nullptr  - Libcurl will use whatever was configured at build time.
LogInit:  - MaxHostConnections = 16  - Libcurl will limit the number of connections to a host
LogInit:  - LocalHostAddr = Default
LogInit: WinSock: version 1.1 (2.2), MaxSocks=32767, MaxUdp=65467
LogInit: WinSock: I am DESKTOP-G556ORU (192.168.1.143:0)
LogInit: Build: ++UE4+Release-4.19-CL-4033788
LogInit: Engine Version: 4.19.2-4033788+++UE4+Release-4.19
LogInit: Compatible Engine Version: 4.19.0-3944462+++UE4+Release-4.19
LogInit: Net CL: 3944462
LogDevObjectVersion: Number of dev versions registered: 18
LogDevObjectVersion:   Dev-Blueprints (B0D832E4-1F89-4F0D-ACCF-7EB736FD4AA2): 10
LogDevObjectVersion:   Dev-Build (E1C64328-A22C-4D53-A36C-8E866417BD8C): 0
LogDevObjectVersion:   Dev-Core (375EC13C-06E4-48FB-B500-84F0262A717E): 2
LogDevObjectVersion:   Dev-Editor (E4B068ED-F494-42E9-A231-DA0B2E46BB41): 23
LogDevObjectVersion:   Dev-Framework (CFFC743F-43B0-4480-9391-14DF171D2073): 33
LogDevObjectVersion:   Dev-Mobile (B02B49B5-BB20-44E9-A304-32B752E40360): 2
LogDevObjectVersion:   Dev-Networking (A4E4105C-59A1-49B5-A7C5-40C4547EDFEE): 0
LogDevObjectVersion:   Dev-Online (39C831C9-5AE6-47DC-9A44-9C173E1C8E7C): 0
LogDevObjectVersion:   Dev-Physics (78F01B33-EBEA-4F98-B9B4-84EACCB95AA2): 0
LogDevObjectVersion:   Dev-Platform (6631380F-2D4D-43E0-8009-CF276956A95A): 0
LogDevObjectVersion:   Dev-Rendering (12F88B9F-8875-4AFC-A67C-D90C383ABD29): 25
LogDevObjectVersion:   Dev-Sequencer (7B5AE74C-D270-4C10-A958-57980B212A5A): 6
LogDevObjectVersion:   Dev-VR (D7296918-1DD6-4BDD-9DE2-64A83CC13884): 1
LogDevObjectVersion:   Dev-LoadTimes (C2A15278-BFE7-4AFE-6C17-90FF531DF755): 1
LogDevObjectVersion:   Private-Geometry (6EACA3D4-40EC-4CC1-B786-8BED09428FC5): 2
LogDevObjectVersion:   Dev-AnimPhys (29E575DD-E0A3-4627-9D10-D276232CDCEA): 16
LogDevObjectVersion:   Dev-ReflectionCapture (6B266CEC-1EC7-4B8F-A30B-E4D90942FC07): 1
LogDevObjectVersion:   Dev-Automation (0DF73D61-A23F-47EA-B727-89E90C41499A): 1
LogInit: Compiled (64-bit): Apr 27 2018 02:06:57
LogInit: Compiled with Visual C++: 19.00.24215.01
LogInit: Build Configuration: Development
LogInit: Branch Name: ++UE4+Release-4.19
LogInit: Command Line:  
LogInit: Base Directory: C:/Program Files/Epic Games/UE_4.19/Engine/Binaries/Win64/
LogInit: Installed Engine Build: 1
LogStreaming: Display: Took  0.036s to delete old logs.
LogInit: Presizing for max 8388607 objects, including 0 objects not considered by GC, pre-allocating 0 bytes for permanent pool.
LogInit: Object subsystem initialized
[2018.08.06-23.57.12:515][  0]LogInit: Selected Device Profile: [Windows]
[2018.08.06-23.57.12:515][  0]LogInit: Applying CVar settings loaded from the selected device profile: [Windows]
[2018.08.06-23.57.12:677][  0]LogInit: Computer: DESKTOP-G556ORU
[2018.08.06-23.57.12:677][  0]LogInit: User: jeang
[2018.08.06-23.57.12:677][  0]LogInit: CPU Page size=4096, Cores=3
[2018.08.06-23.57.12:677][  0]LogInit: High frequency timer resolution =3.433379 MHz
[2018.08.06-23.57.12:682][  0]LogMemory: Memory total: Physical=4.0GB (4GB approx)
[2018.08.06-23.57.12:682][  0]LogMemory: Platform Memory Stats for Windows
[2018.08.06-23.57.12:682][  0]LogMemory: Process Physical Memory: 273.35 MB used, 273.35 MB peak
[2018.08.06-23.57.12:682][  0]LogMemory: Process Virtual Memory: 270.35 MB used, 270.35 MB peak
[2018.08.06-23.57.12:682][  0]LogMemory: Physical Memory: 2388.54 MB used,  1689.57 MB free, 4078.11 MB total
[2018.08.06-23.57.12:682][  0]LogMemory: Virtual Memory: 4779.38 MB used,  1689.57 MB free, 134217728.00 MB total
[2018.08.06-23.57.14:021][  0]LogInit: Using OS detected language (en-US).
[2018.08.06-23.57.14:021][  0]LogInit: Using OS detected locale (en-CA).
[2018.08.06-23.57.14:247][  0]LogTextLocalizationManager: No specific localization for 'en-US' exists, so the 'en' localization will be used.
[2018.08.06-23.57.15:381][  0]LogStreaming: Display: Took  1.349s to EndInitTextLocalization.
[2018.08.06-23.57.15:458][  0]LogInit: Setting process to per monitor DPI aware
[2018.08.06-23.57.17:312][  0]LogSlate: New Slate User Created.  User Index 0, Is Virtual User: 0
[2018.08.06-23.57.17:312][  0]LogSlate: Slate User Registered.  User Index 0, Is Virtual User: 0
[2018.08.06-23.57.18:685][  0]LogD3D11RHI: D3D11 adapters:
[2018.08.06-23.57.18:775][  0]LogD3D11RHI:    0. 'AMD Radeon R7 200 Series' (Feature Level 11_0)
[2018.08.06-23.57.18:775][  0]LogD3D11RHI:       2024/0/2039 MB DedicatedVideo/DedicatedSystem/SharedSystem, Outputs:2, VendorId:0x1002
[2018.08.06-23.57.18:779][  0]LogD3D11RHI:    1. 'Microsoft Basic Render Driver' (Feature Level 11_0)
[2018.08.06-23.57.18:779][  0]LogD3D11RHI:       0/0/2039 MB DedicatedVideo/DedicatedSystem/SharedSystem, Outputs:0, VendorId:0x1414
[2018.08.06-23.57.18:779][  0]LogD3D11RHI: Chosen D3D11 Adapter: 0
[2018.08.06-23.57.18:811][  0]LogD3D11RHI: Creating new Direct3DDevice
[2018.08.06-23.57.18:811][  0]LogD3D11RHI:     GPU DeviceId: 0x6658 (for the marketing name, search the web for "GPU Device Id")
[2018.08.06-23.57.18:811][  0]LogWindows: EnumDisplayDevices:
[2018.08.06-23.57.18:811][  0]LogWindows:    0. 'AMD Radeon R7 200 Series' (P:1 D:1)
[2018.08.06-23.57.18:812][  0]LogWindows:    1. 'AMD Radeon R7 200 Series' (P:0 D:1)
[2018.08.06-23.57.18:812][  0]LogWindows:    2. 'AMD Radeon R7 200 Series' (P:0 D:0)
[2018.08.06-23.57.18:813][  0]LogWindows:    3. 'AMD Radeon R7 200 Series' (P:0 D:0)
[2018.08.06-23.57.18:813][  0]LogWindows:    4. 'AMD Radeon R7 200 Series' (P:0 D:0)
[2018.08.06-23.57.18:814][  0]LogWindows:    5. 'AMD Radeon R7 200 Series' (P:0 D:0)
[2018.08.06-23.57.18:814][  0]LogWindows: DebugString: GetVideoDriverDetailsInvalid PrimaryIsNotTheChoosenAdapter GetVideoDriverDetailsInvalid PrimaryIsNotTheChoosenAdapter GetVideoDriverDetailsInvalid PrimaryIsNotTheChoosenAdapter GetVideoDriverDetailsInvalid PrimaryIsNotTheChoosenAdapter GetVideoDriverDetailsInvalid PrimaryIsNotTheChoosenAdapter GetVideoDriverDetailsInvalid PrimaryIsNotTheChoosenAdapter FoundDriverCount:0 
[2018.08.06-23.57.18:814][  0]LogD3D11RHI:     Adapter Name: AMD Radeon R7 200 Series
[2018.08.06-23.57.18:814][  0]LogD3D11RHI:   Driver Version: Unknown (internal:Unknown, unified:Unknown)
[2018.08.06-23.57.18:814][  0]LogD3D11RHI:      Driver Date: Unknown
[2018.08.06-23.57.18:814][  0]LogRHI: Texture pool is 1417 MB (70% of 2024 MB)
[2018.08.06-23.57.19:310][  0]LogD3D11RHI: Async texture creation enabled
[2018.08.06-23.57.19:797][  0]LogD3D11RHI: GPU Timing Frequency: 27.000000 (Debug: 2 1)
[2018.08.06-23.57.19:945][  0]LogShaderCompilers: Guid format shader working directory is -17 characters bigger than the processId version (../../../../../../Users/jeang/Documents/biopunchteam/SpaceMatch/Intermediate/Shaders/WorkingDirectory/8208/).
[2018.08.06-23.57.19:949][  0]LogShaderCompilers: Cleaned the shader compiler working directory 'C:/Users/jeang/AppData/Local/Temp/UnrealShaderWorkingDir/4BE5BCCF47F62AC5C338C6884F87F915/'.
[2018.08.06-23.57.20:604][  0]LogTemp: Display: Loaded TP AllDesktopTargetPlatform
[2018.08.06-23.57.20:639][  0]LogTemp: Display: Loaded TP MacClientTargetPlatform
[2018.08.06-23.57.20:665][  0]LogTemp: Display: Loaded TP MacNoEditorTargetPlatform
[2018.08.06-23.57.20:692][  0]LogTemp: Display: Loaded TP MacServerTargetPlatform
[2018.08.06-23.57.20:732][  0]LogTemp: Display: Loaded TP MacTargetPlatform
[2018.08.06-23.57.20:803][  0]LogTemp: Display: Loaded TP WindowsClientTargetPlatform
[2018.08.06-23.57.20:834][  0]LogTemp: Display: Loaded TP WindowsNoEditorTargetPlatform
[2018.08.06-23.57.20:874][  0]LogTemp: Display: Loaded TP WindowsServerTargetPlatform
[2018.08.06-23.57.20:892][  0]LogTemp: Display: Loaded TP WindowsTargetPlatform
[2018.08.06-23.57.20:939][  0]LogTemp: Display: Loaded TP Android_ASTCTargetPlatform
[2018.08.06-23.57.20:985][  0]LogTemp: Display: Loaded TP Android_ATCTargetPlatform
[2018.08.06-23.57.21:038][  0]LogTemp: Display: Loaded TP Android_DXTTargetPlatform
[2018.08.06-23.57.21:092][  0]LogTemp: Display: Loaded TP Android_ETC1aTargetPlatform
[2018.08.06-23.57.21:149][  0]LogTemp: Display: Loaded TP Android_ETC1TargetPlatform
[2018.08.06-23.57.21:191][  0]LogTemp: Display: Loaded TP Android_ETC2TargetPlatform
[2018.08.06-23.57.21:266][  0]LogTemp: Display: Loaded TP Android_MultiTargetPlatform
[2018.08.06-23.57.21:266][  0]LogTemp: Display: Loaded TP Android_PVRTCTargetPlatform
[2018.08.06-23.57.21:343][  0]LogTemp: Display: Loaded TP AndroidTargetPlatform
[2018.08.06-23.57.21:348][  0]LogTemp: Display: Loaded TP HTML5TargetPlatform
[2018.08.06-23.57.21:502][  0]LogTemp: Display: Loaded TP IOSTargetPlatform
[2018.08.06-23.57.21:557][  0]LogTemp: Display: Loaded TP TVOSTargetPlatform
[2018.08.06-23.57.21:590][  0]LogTemp: Display: Loaded TP LinuxClientTargetPlatform
[2018.08.06-23.57.21:614][  0]LogTemp: Display: Loaded TP LinuxNoEditorTargetPlatform
[2018.08.06-23.57.21:638][  0]LogTemp: Display: Loaded TP LinuxServerTargetPlatform
[2018.08.06-23.57.21:685][  0]LogTemp: Display: Loaded TP LinuxTargetPlatform
[2018.08.06-23.57.21:685][  0]LogTargetPlatformManager: Display: Building Assets For Windows
[2018.08.06-23.57.23:565][  0]LogXGEController: Cleaning working directory: C:/Users/jeang/AppData/Local/Temp/UnrealXGEWorkingDir/
[2018.08.06-23.57.23:565][  0]LogXGEController: Cannot use XGE Controller as Incredibuild is not installed on this machine.
[2018.08.06-23.57.23:585][  0]LogShaderCompilers: Cannot use XGE Shader Compiler as Incredibuild is not installed on this machine.
[2018.08.06-23.57.23:585][  0]LogShaderCompilers: Display: Using Local Shader Compiler.
[2018.08.06-23.57.26:268][  0]LogDerivedDataCache: Display: Max Cache Size: 512 MB
[2018.08.06-23.57.27:185][  0]LogDerivedDataCache: Loaded boot cache 0.90s 74MB C:/Users/jeang/AppData/Local/UnrealEngine/4.19/DerivedDataCache/Boot.ddc.
[2018.08.06-23.57.27:185][  0]LogDerivedDataCache: Display: Loaded Boot cache: C:/Users/jeang/AppData/Local/UnrealEngine/4.19/DerivedDataCache/Boot.ddc
[2018.08.06-23.57.27:186][  0]LogDerivedDataCache: FDerivedDataBackendGraph:  Pak pak cache file ../../../../../../Users/jeang/Documents/biopunchteam/SpaceMatch/DerivedDataCache/DDC.ddp not found, will not use a pak cache.
[2018.08.06-23.57.27:186][  0]LogDerivedDataCache: Unable to find inner node Pak for hierarchical cache Hierarchy.
[2018.08.06-23.57.27:186][  0]LogDerivedDataCache: FDerivedDataBackendGraph:  CompressedPak pak cache file ../../../../../../Users/jeang/Documents/biopunchteam/SpaceMatch/DerivedDataCache/Compressed.ddp not found, will not use a pak cache.
[2018.08.06-23.57.27:186][  0]LogDerivedDataCache: Unable to find inner node CompressedPak for hierarchical cache Hierarchy.
[2018.08.06-23.57.27:260][  0]LogDerivedDataCache: Display: Pak cache opened for reading ../../../Engine/DerivedDataCache/Compressed.ddp.
[2018.08.06-23.57.27:281][  0]LogDerivedDataCache: Using Local data cache path C:/Users/jeang/AppData/Local/UnrealEngine/Common/DerivedDataCache: Writable
[2018.08.06-23.57.27:281][  0]LogDerivedDataCache: Shared data cache path not found in *engine.ini, will not use an Shared cache.
[2018.08.06-23.57.27:281][  0]LogDerivedDataCache: Unable to find inner node Shared for hierarchical cache Hierarchy.
[2018.08.06-23.57.27:399][  0]LogMaterial: Verifying Global Shaders for PCD3D_SM5
[2018.08.06-23.57.27:439][  0]LogSlate: Using Freetype 2.6.0
[2018.08.06-23.57.27:568][  0]LogSlate: SlateFontCache - WITH_FREETYPE: 1, WITH_HARFBUZZ: 1
[2018.08.06-23.57.27:568][  0]LogSlate: SlateFontCache - WITH_FREETYPE: 1, WITH_HARFBUZZ: 1
[2018.08.06-23.57.31:038][  0]LogAssetRegistry: FAssetRegistry took 0.0512 seconds to start up
[2018.08.06-23.57.43:363][  0]LogInit: Selected Device Profile: [Windows]
[2018.08.06-23.57.49:800][  0]LogSimplygon: Simplygon DLL not present - disabling.
[2018.08.06-23.57.49:925][  0]LogMeshReduction: Using SimplygonSwarm for distributed automatic mesh merging
[2018.08.06-23.57.49:940][  0]LogMeshReduction: Using QuadricMeshReduction for automatic static mesh reduction
[2018.08.06-23.57.49:941][  0]LogMeshReduction: No automatic skeletal mesh reduction module available
[2018.08.06-23.57.49:941][  0]LogMeshReduction: No automatic mesh merging module available
[2018.08.06-23.57.49:941][  0]LogMeshMerging: No automatic mesh merging module available
[2018.08.06-23.57.51:950][  0]LogNetVersion: SpaceMatch , NetCL: 3944462, EngineNetVer: 2, GameNetVer: 0 (Checksum: 303455903)
[2018.08.06-23.58.03:398][  0]LogPackageLocalizationCache: Processed 10 localized package path(s) for 2 prioritized culture(s) in 0.505729 seconds
[2018.08.06-23.58.03:521][  0]LogUObjectArray: 36728 objects as part of root set at end of initial load.
[2018.08.06-23.58.03:521][  0]LogUObjectAllocator: 7314312 out of 0 bytes used by permanent object pool.
[2018.08.06-23.58.03:521][  0]LogUObjectArray: CloseDisregardForGC: 0/0 objects in disregard for GC pool
[2018.08.06-23.58.31:671][  0]LogTcpMessaging: Initializing TcpMessaging bridge
[2018.08.06-23.58.31:749][  0]LogUdpMessaging: Initializing bridge on interface 0.0.0.0:0 to multicast group 230.0.0.1:6666.
[2018.08.06-23.58.32:694][  0]LogAkAudio: Wwise(R) SDK Version 2017.2.6 Build 6636. Copyright (c) 2006-2017 Audiokinetic Inc.
[2018.08.06-23.58.34:540][  0]LogInit: Audiokinetic Audio Device setting bank directory to ../../../../../../Users/jeang/Documents/biopunchteam/SpaceMatch/Content/WwiseAudio/Windows/.
[2018.08.06-23.58.34:557][  0]LogAkAudio: Error: Cannot open file: Init.bnk
[2018.08.06-23.58.34:557][  0]LogAkAudio: Error: Bank Load Failed
[2018.08.06-23.58.34:557][  0]LogInit: Audiokinetic Audio Device initialized.
[2018.08.06-23.58.35:684][  0]SourceControl: Source control is disabled
[2018.08.06-23.58.35:691][  0]SourceControl: Source control is disabled
[2018.08.06-23.58.35:808][  0]SourceControl: Source control is disabled
[2018.08.06-23.58.35:878][  0]SourceControl: Source control is disabled
[2018.08.06-23.58.38:254][  0]LogAndroidPermission: UAndroidPermissionCallbackProxy::GetInstance
[2018.08.06-23.58.39:109][  0]LogOcInput: OculusInput pre-init called
[2018.08.06-23.58.40:000][  0]LogEngine: Initializing Engine...
[2018.08.06-23.58.40:065][  0]LogHMD: Failed to initialize OpenVR with code 110
[2018.08.06-23.58.40:100][  0]LogStats: UGameplayTagsManager::ConstructGameplayTagTree: Construct from data asset -  0.000 s
[2018.08.06-23.58.40:101][  0]LogStats: UGameplayTagsManager::ConstructGameplayTagTree: GameplayTagTreeChangedEvent.Broadcast -  0.000 s
[2018.08.06-23.58.41:291][  0]LogAIModule: Creating AISystem for world Untitled
[2018.08.06-23.58.41:768][  0]LogInit: XAudio2 using 'Digital Audio (S/PDIF) (High Definition Audio Device)' : 2 channels at 48 kHz using 16 bits per sample (channel mask 0x3)
[2018.08.06-23.58.41:879][  0]LogInit: FAudioDevice initialized.
[2018.08.06-23.58.43:956][  0]LogDerivedDataCache: Saved boot cache 2.02s 74MB C:/Users/jeang/AppData/Local/UnrealEngine/4.19/DerivedDataCache/Boot.ddc.
[2018.08.06-23.58.44:003][  0]LogInit: Texture streaming: Enabled
[2018.08.06-23.58.44:353][  0]LogEngineSessionManager: EngineSessionManager initialized
[2018.08.06-23.58.44:631][  0]LogWindowsTextInputMethodSystem: Display: IME system now deactivated.
[2018.08.06-23.58.45:647][  0]LogInit: Transaction tracking system initialized
[2018.08.06-23.58.46:885][  0]BlueprintLog: New page: Editor Load
[2018.08.06-23.58.50:269][  0]LocalizationService: Localization service is disabled
[2018.08.06-23.58.52:262][  0]LogConsoleResponse: Display: 
[2018.08.06-23.58.56:415][  0]LogFileCache: Scanning file cache for directory 'C:/Users/jeang/Documents/biopunchteam/SpaceMatch/Content/' took 0.11s
[2018.08.06-23.58.56:415][  0]LogCook: Display: Max memory allowance for cook 16384mb min free memory 0mb
[2018.08.06-23.58.56:415][  0]LogCook: Display: Mobile HDR setting 1
[2018.08.06-23.58.56:415][  0]LogGameplayTags: Display: UGameplayTagsManager::DoneAddingNativeTags. DelegateIsBound: 0
[2018.08.06-23.58.56:415][  0]LogStats: UGameplayTagsManager::ConstructGameplayTagTree: Construct from data asset -  0.000 s
[2018.08.06-23.58.56:415][  0]LogStats: UGameplayTagsManager::ConstructGameplayTagTree: GameplayTagTreeChangedEvent.Broadcast -  0.000 s
[2018.08.06-23.59.05:358][  0]SourceControl: Source control is disabled
[2018.08.06-23.59.05:500][  0]Cmd: MAP LOAD FILE="../../../../../../Users/jeang/Documents/biopunchteam/SpaceMatch/Content/-Maps/MAP_FlyingControlsTest.umap" TEMPLATE=0 SHOWPROGRESS=1 FEATURELEVEL=3
[2018.08.06-23.59.05:581][  0]LightingResults: New page: Lighting Build
[2018.08.06-23.59.06:589][  0]MapCheck: New page: Map Check
[2018.08.06-23.59.06:589][  0]LightingResults: New page: Lighting Build
[2018.08.06-23.59.09:428][  0]LogUObjectGlobals: Created PersistentFrame Addr=0x0000025770f01a80, Size=336, Default__GameplayPhysicsActorBP_C Function /Game/-Blueprints/GameplayPhysicsActorBP.GameplayPhysicsActorBP_C:ExecuteUbergraph_GameplayPhysicsActorBP
[2018.08.06-23.59.09:747][  0]LogUObjectGlobals: Created PersistentFrame Addr=0x0000025747de0680, Size=640, Default__RobotBP_C Function /Game/-Blueprints/RobotBP.RobotBP_C:ExecuteUbergraph_RobotBP
[2018.08.06-23.59.10:190][  0]LogUObjectGlobals: Created PersistentFrame Addr=0x0000025745384a40, Size=72, Default__Robot_ChildBP_C Function /Game/-Blueprints/Robot_ChildBP.Robot_ChildBP_C:ExecuteUbergraph_Robot_ChildBP
[2018.08.06-23.59.10:191][  0]LogUObjectGlobals: Created PersistentFrame Addr=0x0000025747de0180, Size=640, Default__Robot_ChildBP_C Function /Game/-Blueprints/RobotBP.RobotBP_C:ExecuteUbergraph_RobotBP
[2018.08.06-23.59.10:197][  0]LogLinker: Warning: Can't find file '/Game/Geometry/Meshes/CubeMaterial'
[2018.08.06-23.59.10:201][  0]LoadErrors: Failed to load /Game/Geometry/Meshes/1M_Cube_Chamfer.1M_Cube_Chamfer Referenced by StaticMesh_GEN_VARIABLE
[2018.08.06-23.59.10:202][  0]LogLinker: Warning: Can't find file for asset '/Game/Geometry/Meshes/CubeMaterial' while loading ../../../../../../Users/jeang/Documents/biopunchteam/SpaceMatch/Content/Geometry/Meshes/1M_Cube_Chamfer.uasset.
[2018.08.06-23.59.10:202][  0]LoadErrors: Failed to load /Game/Geometry/Meshes/1M_Cube_Chamfer.1M_Cube_Chamfer Referenced by StaticMesh_GEN_VARIABLE
[2018.08.06-23.59.10:202][  0]LoadErrors: Error: /Game/Geometry/Meshes/1M_Cube_Chamfer : Can't find file for asset. /Game/Geometry/Meshes/CubeMaterial
[2018.08.06-23.59.10:202][  0]LogLinker: Warning: Can't find file '/Game/Geometry/Meshes/CubeMaterial'
[2018.08.06-23.59.10:202][  0]LoadErrors: Failed to load /Game/Geometry/Meshes/1M_Cube_Chamfer.1M_Cube_Chamfer Referenced by StaticMesh_GEN_VARIABLE
[2018.08.06-23.59.10:202][  0]LogLinker: Warning: Can't find file for asset '/Game/Geometry/Meshes/CubeMaterial' while loading ../../../../../../Users/jeang/Documents/biopunchteam/SpaceMatch/Content/Geometry/Meshes/1M_Cube_Chamfer.uasset.
[2018.08.06-23.59.10:202][  0]LoadErrors: Failed to load /Game/Geometry/Meshes/1M_Cube_Chamfer.1M_Cube_Chamfer Referenced by StaticMesh_GEN_VARIABLE
[2018.08.06-23.59.10:202][  0]LoadErrors: Error: /Game/Geometry/Meshes/1M_Cube_Chamfer : Can't find file for asset. /Game/Geometry/Meshes/CubeMaterial
[2018.08.06-23.59.11:272][  0]LogUObjectGlobals: Destroyed PersistentFrame Addr=0x0000025770f01a80, Size=336
[2018.08.06-23.59.11:272][  0]LogUObjectGlobals: Created PersistentFrame Addr=0x0000025755428e80, Size=336, Default__GameplayPhysicsActorBP_C Function /Engine/Transient.REINST_GameplayPhysicsActorBP_C_1:ExecuteUbergraph_GameplayPhysicsActorBP
[2018.08.06-23.59.11:298][  0]LogUObjectGlobals: Destroyed PersistentFrame Addr=0x0000025747de0680, Size=640
[2018.08.06-23.59.11:299][  0]LogUObjectGlobals: Created PersistentFrame Addr=0x000002575539fd80, Size=640, Default__RobotBP_C Function /Engine/Transient.REINST_RobotBP_C_2:ExecuteUbergraph_RobotBP
[2018.08.06-23.59.11:331][  0]LogUObjectGlobals: Destroyed PersistentFrame Addr=0x0000025745384a40, Size=72
[2018.08.06-23.59.11:331][  0]LogUObjectGlobals: Destroyed PersistentFrame Addr=0x0000025747de0180, Size=640
[2018.08.06-23.59.11:331][  0]LogUObjectGlobals: Created PersistentFrame Addr=0x00000257553e9a80, Size=72, Default__Robot_ChildBP_C Function /Engine/Transient.REINST_Robot_ChildBP_C_3:ExecuteUbergraph_Robot_ChildBP
[2018.08.06-23.59.11:331][  0]LogUObjectGlobals: Created PersistentFrame Addr=0x000002575539fb00, Size=640, Default__Robot_ChildBP_C Function /Engine/Transient.REINST_RobotBP_C_2:ExecuteUbergraph_RobotBP
[2018.08.06-23.59.12:106][  0]LogUObjectGlobals: Created PersistentFrame Addr=0x0000025753a0a200, Size=336, Default__GameplayPhysicsActorBP_C Function /Game/-Blueprints/GameplayPhysicsActorBP.GameplayPhysicsActorBP_C:ExecuteUbergraph_GameplayPhysicsActorBP
[2018.08.06-23.59.12:183][  0]LogUObjectGlobals: Created PersistentFrame Addr=0x0000025753a33600, Size=640, Default__RobotBP_C Function /Game/-Blueprints/RobotBP.RobotBP_C:ExecuteUbergraph_RobotBP
[2018.08.06-23.59.12:195][  0]LogUObjectGlobals: Created PersistentFrame Addr=0x00000257452a3b00, Size=72, Default__Robot_ChildBP_C Function /Game/-Blueprints/Robot_ChildBP.Robot_ChildBP_C:ExecuteUbergraph_Robot_ChildBP
[2018.08.06-23.59.12:195][  0]LogUObjectGlobals: Created PersistentFrame Addr=0x0000025753a30900, Size=640, Default__Robot_ChildBP_C Function /Game/-Blueprints/RobotBP.RobotBP_C:ExecuteUbergraph_RobotBP
[2018.08.06-23.59.12:793][  0]LogLinker: Warning: Can't find file '/Game/Flying/Meshes/BaseMaterial'
[2018.08.06-23.59.12:793][  0]LogLinker: Warning: Can't find file for asset '/Game/Flying/Meshes/BaseMaterial' while loading ../../../../../../Users/jeang/Documents/biopunchteam/SpaceMatch/Content/-Blueprints/SocketActorBP.uasset.
[2018.08.06-23.59.12:793][  0]LoadErrors: Error: /Game/-Blueprints/SocketActorBP : Can't find file for asset. /Game/Flying/Meshes/BaseMaterial
[2018.08.06-23.59.12:795][  0]LogLinker: Warning: Can't find file '/Game/Flying/Meshes/BaseMaterial'
[2018.08.06-23.59.12:795][  0]LogLinker: Warning: Can't find file for asset '/Game/Flying/Meshes/BaseMaterial' while loading ../../../../../../Users/jeang/Documents/biopunchteam/SpaceMatch/Content/-Blueprints/SocketActorBP.uasset.
[2018.08.06-23.59.12:796][  0]LoadErrors: Error: /Game/-Blueprints/SocketActorBP : Can't find file for asset. /Game/Flying/Meshes/BaseMaterial
[2018.08.06-23.59.12:801][  0]LogUObjectGlobals: Created PersistentFrame Addr=0x0000025770f02b00, Size=336, Default__SocketActorBP_C Function /Game/-Blueprints/SocketActorBP.SocketActorBP_C:ExecuteUbergraph_SocketActorBP
[2018.08.06-23.59.12:802][  0]LogLinker: Warning: Can't find file '/Game/Flying/Meshes/BaseMaterial'
[2018.08.06-23.59.12:802][  0]LogLinker: Warning: Can't find file for asset '/Game/Flying/Meshes/BaseMaterial' while loading ../../../../../../Users/jeang/Documents/biopunchteam/SpaceMatch/Content/-Maps/MAP_FlyingControlsTest.umap.
[2018.08.06-23.59.12:802][  0]LoadErrors: Error: /Game/-Maps/MAP_FlyingControlsTest : Can't find file for asset. /Game/Flying/Meshes/BaseMaterial
[2018.08.06-23.59.12:802][  0]LogLinker: Warning: Can't find file '/Game/Flying/Meshes/BaseMaterial'
[2018.08.06-23.59.12:803][  0]LogLinker: Warning: Can't find file for asset '/Game/Flying/Meshes/BaseMaterial' while loading ../../../../../../Users/jeang/Documents/biopunchteam/SpaceMatch/Content/-Maps/MAP_FlyingControlsTest.umap.
[2018.08.06-23.59.12:803][  0]LoadErrors: Error: /Game/-Maps/MAP_FlyingControlsTest : Can't find file for asset. /Game/Flying/Meshes/BaseMaterial
[2018.08.06-23.59.12:812][  0]LogLinker: Warning: Can't find file '/Game/Flying/Meshes/BaseMaterial'
[2018.08.06-23.59.12:812][  0]LoadErrors: Failed to load /Game/Flying/Meshes/BaseMaterial.BaseMaterial Referenced by StaticMesh_GEN_VARIABLE
[2018.08.06-23.59.12:813][  0]LogLinker: Warning: Can't find file for asset '/Game/Flying/Meshes/BaseMaterial' while loading ../../../../../../Users/jeang/Documents/biopunchteam/SpaceMatch/Content/-Maps/MAP_FlyingControlsTest.umap.
[2018.08.06-23.59.12:813][  0]LoadErrors: Failed to load /Game/Flying/Meshes/BaseMaterial.BaseMaterial Referenced by StaticMesh_GEN_VARIABLE
[2018.08.06-23.59.12:813][  0]LoadErrors: Error: /Game/-Maps/MAP_FlyingControlsTest : Can't find file for asset. /Game/Flying/Meshes/BaseMaterial
[2018.08.06-23.59.12:816][  0]LogUObjectGlobals: Destroyed PersistentFrame Addr=0x0000025770f02b00, Size=336
[2018.08.06-23.59.12:816][  0]LogUObjectGlobals: Created PersistentFrame Addr=0x000002574527ee00, Size=336, Default__SocketActorBP_C Function /Engine/Transient.REINST_SocketActorBP_C_7:ExecuteUbergraph_SocketActorBP
[2018.08.06-23.59.12:819][  0]LogUObjectGlobals: Created PersistentFrame Addr=0x0000025742582500, Size=336, Default__SocketActorBP_C Function /Game/-Blueprints/SocketActorBP.SocketActorBP_C:ExecuteUbergraph_SocketActorBP
[2018.08.06-23.59.14:457][  0]LogLinker: Warning: Can't find file '/Game/Geometry/Meshes/CubeMaterial'
[2018.08.06-23.59.14:457][  0]LoadErrors: Failed to load /Game/Geometry/Meshes/CubeMaterial.CubeMaterial Referenced by 1M_Cube_Chamfer
[2018.08.06-23.59.14:457][  0]LogLinker: Warning: Can't find file for asset '/Game/Geometry/Meshes/CubeMaterial' while loading NULL.
[2018.08.06-23.59.14:457][  0]LoadErrors: Failed to load /Game/Geometry/Meshes/CubeMaterial.CubeMaterial Referenced by 1M_Cube_Chamfer
[2018.08.06-23.59.14:457][  0]LogLinker: Warning: Can't find file '/Game/Geometry/Meshes/CubeMaterial'
[2018.08.06-23.59.14:457][  0]LoadErrors: Failed to load /Game/Geometry/Meshes/CubeMaterial.CubeMaterial Referenced by 1M_Cube_Chamfer
[2018.08.06-23.59.14:457][  0]LogLinker: Warning: Can't find file for asset '/Game/Geometry/Meshes/CubeMaterial' while loading NULL.
[2018.08.06-23.59.14:457][  0]LoadErrors: Failed to load /Game/Geometry/Meshes/CubeMaterial.CubeMaterial Referenced by 1M_Cube_Chamfer
[2018.08.06-23.59.15:025][  0]LogTexture: Display: Building textures: T_Scanlines (AutoDXT, 512X512)
[2018.08.06-23.59.15:025][  0]LogTexture: Display: Building textures: T_perlin_noise (AutoDXT, 512X512)
[2018.08.06-23.59.15:025][  0]LogTexture: Display: Building textures: T_Earth_Normal (BC5, 512X512)
[2018.08.06-23.59.15:025][  0]LogTexture: Display: Building textures: T_Earth_Base_Color (AutoDXT, 512X512)
[2018.08.06-23.59.15:073][  0]LogStaticMesh: Building static mesh 1M_Cube_Chamfer...
[2018.08.06-23.59.15:418][  0]LogStaticMesh: Built static mesh [0.35s] /Game/Geometry/Meshes/1M_Cube_Chamfer.1M_Cube_Chamfer
[2018.08.06-23.59.16:017][  0]LogMaterial: Missing cached shader map for material MM_Holographic, compiling. 
[2018.08.06-23.59.16:766][  0]LogShaderCompilers: Display: Shaders left to compile 43
[2018.08.06-23.59.20:699][  0]LogShaderCompilers: Display: Shaders left to compile 33
[2018.08.06-23.59.20:699][  0]LogShaderCompilers: Display: Shaders left to compile 23
[2018.08.06-23.59.20:976][  0]LogStaticMesh: Building static mesh UFO...
[2018.08.06-23.59.21:071][  0]LogStaticMesh: Built static mesh [0.10s] /Game/-Character/UFO.UFO
[2018.08.06-23.59.21:623][  0]LogAIModule: Creating AISystem for world MAP_FlyingControlsTest
[2018.08.06-23.59.27:282][  0]LogEditorServer: Finished looking for orphan Actors (0.000 secs)
[2018.08.06-23.59.29:042][  0]LogUObjectGlobals: Destroyed PersistentFrame Addr=0x0000025755428e80, Size=336
[2018.08.06-23.59.29:042][  0]LogUObjectGlobals: Destroyed PersistentFrame Addr=0x000002575539fd80, Size=640
[2018.08.06-23.59.29:042][  0]LogUObjectGlobals: Destroyed PersistentFrame Addr=0x00000257553e9a80, Size=72
[2018.08.06-23.59.29:042][  0]LogUObjectGlobals: Destroyed PersistentFrame Addr=0x000002575539fb00, Size=640
[2018.08.06-23.59.29:042][  0]LogUObjectGlobals: Destroyed PersistentFrame Addr=0x000002574527ee00, Size=336
[2018.08.06-23.59.29:812][  0]Cmd: MAP CHECKDEP NOCLEARLOG
[2018.08.06-23.59.30:329][  0]MapCheck: Map check complete: 0 Error(s), 0 Warning(s), took 479.39ms to complete.
[2018.08.06-23.59.30:374][  0]LogFileHelpers: Loading map 'MAP_FlyingControlsTest' took 24.953
[2018.08.06-23.59.49:920][  0]LogShaderCompilers: Display: Shaders left to compile 13
[2018.08.06-23.59.49:920][  0]LogShaderCompilers: Display: Shaders left to compile 3
[2018.08.06-23.59.49:920][  0]LogCollectionManager: Loaded 0 collections in 0.004946 seconds
[2018.08.06-23.59.51:198][  0]LogFileCache: Scanning file cache for directory 'C:/Users/jeang/Documents/biopunchteam/SpaceMatch/Saved/Collections/' took 0.01s
[2018.08.06-23.59.51:198][  0]LogFileCache: Scanning file cache for directory 'C:/Users/jeang/Documents/biopunchteam/SpaceMatch/Content/Developers/jeang/Collections/' took 0.01s
[2018.08.06-23.59.51:198][  0]LogFileCache: Scanning file cache for directory 'C:/Users/jeang/Documents/biopunchteam/SpaceMatch/Content/Collections/' took 0.01s
[2018.08.06-23.59.51:198][  0]LogCollectionManager: Rebuilt the GUID cache for 0 collections in 0.000000 seconds
[2018.08.06-23.59.51:420][  0]LogContentBrowser: Native class hierarchy populated in 0.1137 seconds. Added 2513 classes and 570 folders.
[2018.08.06-23.59.51:972][  0]LogContentBrowser: Native class hierarchy updated for 'WidgetCarousel' in 0.0048 seconds. Added 0 classes and 0 folders.
[2018.08.06-23.59.57:556][  0]LogContentBrowser: Native class hierarchy updated for 'AddContentDialog' in 0.0047 seconds. Added 0 classes and 0 folders.
[2018.08.06-23.59.58:147][  0]LogContentBrowser: Native class hierarchy updated for 'SceneOutliner' in 0.0045 seconds. Added 1 classes and 2 folders.
[2018.08.07-00.00.03:839][  0]LogSlate: Took 0.182755 seconds to synchronously load lazily loaded font '../../../Engine/Content/Slate/Fonts/Roboto-Regular.ttf' (155K)
[2018.08.07-00.00.03:998][  0]LogSlate: Took 0.111160 seconds to synchronously load lazily loaded font '../../../Engine/Content/Slate/Fonts/Roboto-Bold.ttf' (160K)
[2018.08.07-00.00.04:265][  0]LogSlate: Took 0.077642 seconds to synchronously load lazily loaded font '../../../Engine/Content/Editor/Slate/Fonts/FontAwesome.ttf' (139K)
[2018.08.07-00.00.08:252][  0]LogRenderer: Reallocating scene render targets to support 1208x576 Format 10 NumSamples 1 (Frame:1).
[2018.08.07-00.00.15:109][  0]LogSlate: FSceneViewport::OnFocusLost() reason 2
[2018.08.07-00.00.15:443][  0]LogSlate: Window 'Tutorials' being destroyed
[2018.08.07-00.00.15:715][  0]LogContentBrowser: Native class hierarchy updated for 'HierarchicalLODOutliner' in 0.0024 seconds. Added 0 classes and 0 folders.
[2018.08.07-00.00.15:715][  0]LogLoad: (Engine Initialization) Total time: 192.03 seconds
[2018.08.07-00.00.15:715][  0]LogLoad: (Engine Initialization) Total Blueprint compile time: 0.00 seconds
[2018.08.07-00.00.17:039][  0]LogContentStreaming: Texture pool size now 1000 MB
[2018.08.07-00.00.17:342][  0]LogSlate: FSceneViewport::OnFocusLost() reason 2
[2018.08.07-00.00.18:516][  1]LogSlate: Took 0.034683 seconds to synchronously load lazily loaded font '../../../Engine/Content/Slate/Fonts/Roboto-Light.ttf' (167K)
[2018.08.07-00.00.19:858][  3]LogAssetRegistry: Asset discovery search completed in 168.8535 seconds
[2018.08.07-00.00.20:282][  3]LogCollectionManager: Rebuilt the object cache for 0 collections in 0.000000 seconds (found 0 objects)
[2018.08.07-00.00.20:282][  3]LogCollectionManager: Fixed up redirectors for 0 collections in 0.000083 seconds (updated 0 objects)
[2018.08.07-00.00.25:829][191]LogSlate: Window 'Message Log' being destroyed
[2018.08.07-00.00.25:833][191]LogSlate: Window 'Message Log' being destroyed
[2018.08.07-00.00.28:699][311]LogSlate: FSceneViewport::OnFocusLost() reason 0
[2018.08.07-00.04.02:820][761]LogAkAudio: SoundFrame successfully connected.
[2018.08.07-00.07.51:105][242]LogSlate: Took 0.000408 seconds to synchronously load lazily loaded font '../../../Engine/Content/Slate/Fonts/Roboto-Light.ttf' (167K)
[2018.08.07-00.07.54:822][242]LogSavePackage: Save=3122.17ms
[2018.08.07-00.07.54:822][242]LogSavePackage: Moving '../../../../../../Users/jeang/Documents/biopunchteam/SpaceMatch/Saved/MAP_FlyingControlsTestC43851584004663E96F1DCA6459F7FAC.tmp' to '../../../../../../Users/jeang/Documents/biopunchteam/SpaceMatch/Content/-Maps/MAP_FlyingControlsTest.umap'
[2018.08.07-00.07.54:955][242]LogSavePackage: Display: Finished SavePackage ../../../../../../Users/jeang/Documents/biopunchteam/SpaceMatch/Content/-Maps/MAP_FlyingControlsTest.umap
[2018.08.07-00.08.00:420][569]LogSlate: Window 'SpaceMatch - Unreal Editor' being destroyed
[2018.08.07-00.08.01:168][570]Cmd: QUIT_EDITOR
[2018.08.07-00.08.01:637][570]LogWindowsTextInputMethodSystem: Display: IME system now deactivated.
[2018.08.07-00.08.01:743][570]LogSlate: Slate User Destroyed.  User Index 0, Is Virtual User: 0
[2018.08.07-00.08.01:762][570]LogExit: Preparing to exit.
[2018.08.07-00.08.02:781][570]LogDirectoryWatcher: A directory notification for 'C:/Users/jeang/Documents/biopunchteam/SpaceMatch/Content/' was aborted.
[2018.08.07-00.08.03:045][570]LogExit: Editor shut down
[2018.08.07-00.08.03:056][570]LogExit: Transaction tracking system shut down
[2018.08.07-00.08.03:057][570]LogUObjectGlobals: Destroyed PersistentFrame Addr=0x0000025753a0a200, Size=336
[2018.08.07-00.08.03:057][570]LogUObjectGlobals: Destroyed PersistentFrame Addr=0x0000025753a33600, Size=640
[2018.08.07-00.08.03:057][570]LogUObjectGlobals: Destroyed PersistentFrame Addr=0x00000257452a3b00, Size=72
[2018.08.07-00.08.03:057][570]LogUObjectGlobals: Destroyed PersistentFrame Addr=0x0000025753a30900, Size=640
[2018.08.07-00.08.03:057][570]LogUObjectGlobals: Destroyed PersistentFrame Addr=0x0000025742582500, Size=336
[2018.08.07-00.08.03:754][570]LogDirectoryWatcher: A directory notification for '../../../Engine/Content/' was aborted.
[2018.08.07-00.08.03:754][570]LogDirectoryWatcher: A directory notification for '../../../../../../Users/jeang/Documents/biopunchteam/SpaceMatch/Content/' was aborted.
[2018.08.07-00.08.03:754][570]LogDirectoryWatcher: A directory notification for '../../Plugins/2D/Paper2D/Content/' was aborted.
[2018.08.07-00.08.03:754][570]LogDirectoryWatcher: A directory notification for '../../Plugins/Enterprise/DatasmithContent/Content/' was aborted.
[2018.08.07-00.08.03:755][570]LogDirectoryWatcher: A directory notification for '../../Plugins/Media/MediaCompositing/Content/' was aborted.
[2018.08.07-00.08.03:755][570]LogDirectoryWatcher: A directory notification for '../../Plugins/Runtime/AppleARKit/Content/' was aborted.
[2018.08.07-00.08.03:755][570]LogDirectoryWatcher: A directory notification for '../../Plugins/Runtime/Oculus/OculusVR/Content/' was aborted.
[2018.08.07-00.08.03:755][570]LogDirectoryWatcher: A directory notification for '../../Plugins/Runtime/Steam/SteamVR/Content/' was aborted.
[2018.08.07-00.08.03:755][570]LogDirectoryWatcher: A directory notification for '../../../../../../Users/jeang/Documents/biopunchteam/SpaceMatch/Plugins/Wwise/Content/' was aborted.
[2018.08.07-00.08.05:871][570]LogExit: Object subsystem successfully closed.
[2018.08.07-00.08.06:052][570]LogShaderCompilers: Display: Shaders left to compile 0
[2018.08.07-00.08.06:076][570]LogD3D11RHI: Shutdown
[2018.08.07-00.08.06:076][570]LogD3D11RHI: CleanupD3DDevice
[2018.08.07-00.08.06:172][570]LogD3D11RHI: ~FD3D11DynamicRHI
[2018.08.07-00.08.07:173][570]LogModuleManager: Shutting down and abandoning module HierarchicalLODOutliner (580)
[2018.08.07-00.08.07:174][570]LogModuleManager: Shutting down and abandoning module DesktopPlatform (578)
[2018.08.07-00.08.07:197][570]LogModuleManager: Shutting down and abandoning module SceneOutliner (576)
[2018.08.07-00.08.07:212][570]LogModuleManager: Shutting down and abandoning module AddContentDialog (574)
[2018.08.07-00.08.07:226][570]LogDirectoryWatcher: A directory notification for 'C:/Program Files/Epic Games/UE_4.19/FeaturePacks/' was aborted.
[2018.08.07-00.08.07:230][570]LogModuleManager: Shutting down and abandoning module WidgetCarousel (573)
[2018.08.07-00.08.07:230][570]LogModuleManager: Shutting down and abandoning module EditorWidgets (570)
[2018.08.07-00.08.07:230][570]LogModuleManager: Shutting down and abandoning module CollectionManager (568)
[2018.08.07-00.08.07:233][570]LogDirectoryWatcher: A directory notification for 'C:/Users/jeang/Documents/biopunchteam/SpaceMatch/Content/Collections/' was aborted.
[2018.08.07-00.08.07:233][570]LogDirectoryWatcher: A directory notification for 'C:/Users/jeang/Documents/biopunchteam/SpaceMatch/Content/Developers/jeang/Collections/' was aborted.
[2018.08.07-00.08.07:234][570]LogDirectoryWatcher: A directory notification for 'C:/Users/jeang/Documents/biopunchteam/SpaceMatch/Saved/Collections/' was aborted.
[2018.08.07-00.08.07:234][570]LogModuleManager: Shutting down and abandoning module StatsViewer (566)
[2018.08.07-00.08.07:251][570]LogModuleManager: Shutting down and abandoning module FoliageEdit (564)
[2018.08.07-00.08.07:251][570]LogModuleManager: Shutting down and abandoning module LandscapeEditor (562)
[2018.08.07-00.08.07:274][570]LogModuleManager: Shutting down and abandoning module MeshPaintMode (560)
[2018.08.07-00.08.07:283][570]LogModuleManager: Shutting down and abandoning module SceneDepthPickerMode (558)
[2018.08.07-00.08.07:283][570]LogModuleManager: Shutting down and abandoning module ActorPickerMode (556)
[2018.08.07-00.08.07:283][570]LogModuleManager: Shutting down and abandoning module GeometryMode (554)
[2018.08.07-00.08.07:293][570]LogModuleManager: Shutting down and abandoning module TextureAlignMode (552)
[2018.08.07-00.08.07:293][570]LogModuleManager: Shutting down and abandoning module BspMode (550)
[2018.08.07-00.08.07:293][570]LogModuleManager: Shutting down and abandoning module PIEPreviewDeviceProfileSelector (548)
[2018.08.07-00.08.07:293][570]LogModuleManager: Shutting down and abandoning module HardwareSurvey (546)
[2018.08.07-00.08.07:293][570]LogModuleManager: Shutting down and abandoning module SequenceRecorderSections (544)
[2018.08.07-00.08.07:296][570]LogModuleManager: Shutting down and abandoning module AutomationWorker (542)
[2018.08.07-00.08.07:296][570]LogModuleManager: Shutting down and abandoning module AudiokineticTools (540)
[2018.08.07-00.08.07:297][570]LogModuleManager: Shutting down and abandoning module AudioCaptureEditor (538)
[2018.08.07-00.08.07:297][570]LogModuleManager: Shutting down and abandoning module SequenceRecorder (537)
[2018.08.07-00.08.07:307][570]LogModuleManager: Shutting down and abandoning module MatineeToLevelSequence (534)
[2018.08.07-00.08.07:315][570]LogModuleManager: Shutting down and abandoning module LevelSequenceEditor (532)
[2018.08.07-00.08.07:331][570]LogModuleManager: Shutting down and abandoning module PlacementMode (531)
[2018.08.07-00.08.07:332][570]LogModuleManager: Shutting down and abandoning module MaterialEditor (530)
[2018.08.07-00.08.07:356][570]LogModuleManager: Shutting down and abandoning module WmfMediaFactory (526)
[2018.08.07-00.08.07:357][570]LogModuleManager: Shutting down and abandoning module WmfMediaEditor (524)
[2018.08.07-00.08.07:357][570]LogModuleManager: Shutting down and abandoning module MediaPlayerEditor (522)
[2018.08.07-00.08.07:377][570]LogModuleManager: Shutting down and abandoning module OpenExrWrapper (520)
[2018.08.07-00.08.07:377][570]LogModuleManager: Shutting down and abandoning module ImgMediaFactory (518)
[2018.08.07-00.08.07:377][570]LogModuleManager: Shutting down and abandoning module ImgMediaEditor (516)
[2018.08.07-00.08.07:377][570]LogModuleManager: Shutting down and abandoning module AvfMediaFactory (514)
[2018.08.07-00.08.07:377][570]LogModuleManager: Shutting down and abandoning module AvfMediaEditor (512)
[2018.08.07-00.08.07:377][570]LogModuleManager: Shutting down and abandoning module AndroidMediaFactory (510)
[2018.08.07-00.08.07:377][570]LogModuleManager: Shutting down and abandoning module AndroidMediaEditor (508)
[2018.08.07-00.08.07:377][570]LogModuleManager: Shutting down and abandoning module CharacterAI (506)
[2018.08.07-00.08.07:378][570]LogModuleManager: Shutting down and abandoning module SmartSnapping (504)
[2018.08.07-00.08.07:378][570]LogModuleManager: Shutting down and abandoning module SessionServices (502)
[2018.08.07-00.08.07:378][570]LogModuleManager: Shutting down and abandoning module ViewportSnapping (500)
[2018.08.07-00.08.07:378][570]LogModuleManager: Shutting down and abandoning module ViewportInteraction (498)
[2018.08.07-00.08.07:378][570]LogModuleManager: Shutting down and abandoning module ClothPainter (496)
[2018.08.07-00.08.07:399][570]LogModuleManager: Shutting down and abandoning module SkeletalMeshEditor (495)
[2018.08.07-00.08.07:418][570]LogModuleManager: Shutting down and abandoning module LogVisualizer (492)
[2018.08.07-00.08.07:434][570]LogModuleManager: Shutting down and abandoning module IntroTutorials (490)
[2018.08.07-00.08.07:442][570]LogModuleManager: Shutting down and abandoning module GameProjectGeneration (489)
[2018.08.07-00.08.07:480][570]LogModuleManager: Shutting down and abandoning module IOSPlatformEditor (486)
[2018.08.07-00.08.07:488][570]LogModuleManager: Shutting down and abandoning module HTML5PlatformEditor (484)
[2018.08.07-00.08.07:488][570]LogModuleManager: Shutting down and abandoning module AndroidPlatformEditor (482)
[2018.08.07-00.08.07:488][570]LogModuleManager: Shutting down and abandoning module AndroidDeviceDetection (481)
[2018.08.07-00.08.08:320][570]LogModuleManager: Shutting down and abandoning module WindowsPlatformEditor (478)
[2018.08.07-00.08.08:321][570]LogModuleManager: Shutting down and abandoning module IOSRuntimeSettings (476)
[2018.08.07-00.08.08:321][570]LogModuleManager: Shutting down and abandoning module AndroidRuntimeSettings (474)
[2018.08.07-00.08.08:321][570]LogModuleManager: Shutting down and abandoning module InputBindingEditor (472)
[2018.08.07-00.08.08:337][570]LogModuleManager: Shutting down and abandoning module MergeActors (470)
[2018.08.07-00.08.08:340][570]LogModuleManager: Shutting down and abandoning module LocalizationDashboard (468)
[2018.08.07-00.08.08:349][570]LogModuleManager: Shutting down and abandoning module LocalizationService (467)
[2018.08.07-00.08.08:351][570]LogModuleManager: Shutting down and abandoning module HardwareTargeting (464)
[2018.08.07-00.08.08:351][570]LogModuleManager: Shutting down and abandoning module DeviceProfileEditor (462)
[2018.08.07-00.08.08:360][570]LogModuleManager: Shutting down and abandoning module UndoHistory (460)
[2018.08.07-00.08.08:360][570]LogModuleManager: Shutting down and abandoning module XmlParser (458)
[2018.08.07-00.08.08:370][570]LogModuleManager: Shutting down and abandoning module Blutility (456)
[2018.08.07-00.08.08:370][570]LogModuleManager: Shutting down and abandoning module ProjectSettingsViewer (454)
[2018.08.07-00.08.08:371][570]LogModuleManager: Shutting down and abandoning module ProjectTargetPlatformEditor (453)
[2018.08.07-00.08.08:371][570]LogModuleManager: Shutting down and abandoning module EditorSettingsViewer (450)
[2018.08.07-00.08.08:371][570]LogModuleManager: Shutting down and abandoning module SettingsEditor (448)
[2018.08.07-00.08.08:393][570]LogModuleManager: Shutting down and abandoning module ProjectLauncher (446)
[2018.08.07-00.08.08:401][570]LogModuleManager: Shutting down and abandoning module SessionFrontend (444)
[2018.08.07-00.08.08:403][570]LogModuleManager: Shutting down and abandoning module ProfilerClient (442)
[2018.08.07-00.08.08:408][570]LogModuleManager: Shutting down and abandoning module DeviceManager (440)
[2018.08.07-00.08.08:416][570]LogModuleManager: Shutting down and abandoning module TargetDeviceServices (439)
[2018.08.07-00.08.08:487][570]LogModuleManager: Shutting down and abandoning module AutomationController (436)
[2018.08.07-00.08.08:495][570]LogModuleManager: Shutting down and abandoning module AutomationWindow (434)
[2018.08.07-00.08.08:506][570]LogModuleManager: Shutting down and abandoning module Layers (432)
[2018.08.07-00.08.08:524][570]LogModuleManager: Shutting down and abandoning module ComponentVisualizers (430)
[2018.08.07-00.08.08:524][570]LogModuleManager: Shutting down and abandoning module DetailCustomizations (428)
[2018.08.07-00.08.08:547][570]LogModuleManager: Shutting down and abandoning module PackagesDialog (426)
[2018.08.07-00.08.08:556][570]LogModuleManager: Shutting down and abandoning module Persona (424)
[2018.08.07-00.08.08:607][570]LogModuleManager: Shutting down and abandoning module AdvancedPreviewScene (423)
[2018.08.07-00.08.08:607][570]LogModuleManager: Shutting down and abandoning module AnimGraph (421)
[2018.08.07-00.08.08:607][570]LogModuleManager: Shutting down and abandoning module Kismet (418)
[2018.08.07-00.08.08:624][570]LogModuleManager: Shutting down and abandoning module GraphEditor (416)
[2018.08.07-00.08.08:659][570]LogModuleManager: Shutting down and abandoning module ClassViewer (414)
[2018.08.07-00.08.08:659][570]LogModuleManager: Shutting down and abandoning module Toolbox (412)
[2018.08.07-00.08.08:659][570]LogModuleManager: Shutting down and abandoning module ModuleUI (410)
[2018.08.07-00.08.08:667][570]LogModuleManager: Shutting down and abandoning module MovieSceneTools (408)
[2018.08.07-00.08.08:685][570]LogModuleManager: Shutting down and abandoning module OutputLog (406)
[2018.08.07-00.08.08:691][570]LogModuleManager: Shutting down and abandoning module GammaUI (404)
[2018.08.07-00.08.08:702][570]LogModuleManager: Shutting down and abandoning module Documentation (402)
[2018.08.07-00.08.08:702][570]LogModuleManager: Shutting down and abandoning module MovieSceneTracks (400)
[2018.08.07-00.08.08:702][570]LogModuleManager: Shutting down and abandoning module MovieScene (398)
[2018.08.07-00.08.08:702][570]LogModuleManager: Shutting down and abandoning module StreamingPauseRendering (396)
[2018.08.07-00.08.08:702][570]LogModuleManager: Shutting down and abandoning module LauncherPlatform (394)
[2018.08.07-00.08.08:702][570]LogModuleManager: Shutting down and abandoning module AnalyticsET (392)
[2018.08.07-00.08.08:702][570]LogModuleManager: Shutting down and abandoning module PortalServices (390)
[2018.08.07-00.08.08:702][570]LogModuleManager: Shutting down and abandoning module PortalRpc (388)
[2018.08.07-00.08.08:702][570]LogModuleManager: Shutting down and abandoning module MessagingRpc (386)
[2018.08.07-00.08.08:702][570]LogModuleManager: Shutting down and abandoning module AIModule (384)
[2018.08.07-00.08.08:702][570]LogModuleManager: Shutting down and abandoning module GameplayDebugger (383)
[2018.08.07-00.08.08:706][570]LogModuleManager: Shutting down and abandoning module AITestSuite (381)
[2018.08.07-00.08.08:713][570]LogModuleManager: Shutting down and abandoning module ProfilerService (378)
[2018.08.07-00.08.08:869][570]LogModuleManager: Shutting down and abandoning module TaskGraph (376)
[2018.08.07-00.08.08:888][570]LogModuleManager: Shutting down and abandoning module SteamVRController (374)
[2018.08.07-00.08.08:888][570]LogModuleManager: Shutting down and abandoning module ProceduralMeshComponentEditor (372)
[2018.08.07-00.08.08:888][570]LogModuleManager: Shutting down and abandoning module ProceduralMeshComponent (370)
[2018.08.07-00.08.08:897][570]LogModuleManager: Shutting down and abandoning module OculusInput (368)
[2018.08.07-00.08.08:900][570]LogModuleManager: Shutting down and abandoning module MobilePatchingUtils (366)
[2018.08.07-00.08.08:900][570]LogModuleManager: Shutting down and abandoning module CustomMeshComponent (364)
[2018.08.07-00.08.08:900][570]LogModuleManager: Shutting down and abandoning module CableComponent (362)
[2018.08.07-00.08.08:903][570]LogModuleManager: Shutting down and abandoning module AudioCapture (360)
[2018.08.07-00.08.08:903][570]LogModuleManager: Shutting down and abandoning module ArchVisCharacter (358)
[2018.08.07-00.08.08:903][570]LogModuleManager: Shutting down and abandoning module AndroidPermission (356)
[2018.08.07-00.08.08:903][570]LogModuleManager: Shutting down and abandoning module NUTUnrealEngine4 (352)
[2018.08.07-00.08.08:903][570]LogModuleManager: Shutting down and abandoning module NetcodeUnitTest (350)
[2018.08.07-00.08.08:925][570]LogModuleManager: Shutting down and abandoning module MediaCompositingEditor (348)
[2018.08.07-00.08.08:925][570]LogModuleManager: Shutting down and abandoning module MediaCompositing (346)
[2018.08.07-00.08.08:925][570]LogModuleManager: Shutting down and abandoning module LinearTimecode (344)
[2018.08.07-00.08.08:925][570]LogModuleManager: Shutting down and abandoning module ImgMedia (342)
[2018.08.07-00.08.08:937][570]LogModuleManager: Shutting down and abandoning module HTML5Networking (340)
[2018.08.07-00.08.08:937][570]LogModuleManager: Shutting down and abandoning module AlembicImporter (338)
[2018.08.07-00.08.08:948][570]LogModuleManager: Shutting down and abandoning module AlembicLibrary (337)
[2018.08.07-00.08.08:948][570]LogModuleManager: Shutting down and abandoning module GeometryCache (336)
[2018.08.07-00.08.08:948][570]LogModuleManager: Shutting down and abandoning module GeometryCacheEd (335)
[2018.08.07-00.08.08:948][570]LogModuleManager: Shutting down and abandoning module DatasmithContent (330)
[2018.08.07-00.08.08:948][570]LogModuleManager: Shutting down and abandoning module SpeedTreeImporter (328)
[2018.08.07-00.08.08:948][570]LogModuleManager: Shutting down and abandoning module PluginBrowser (326)
[2018.08.07-00.08.08:966][570]LogModuleManager: Shutting down and abandoning module MobileLauncherProfileWizard (324)
[2018.08.07-00.08.08:969][570]LogModuleManager: Shutting down and abandoning module CryptoKeysOpenSSL (322)
[2018.08.07-00.08.08:977][570]LogModuleManager: Shutting down and abandoning module CryptoKeys (320)
[2018.08.07-00.08.08:977][570]LogModuleManager: Shutting down and abandoning module VisualStudioSourceCodeAccess (318)
[2018.08.07-00.08.08:977][570]LogModuleManager: Shutting down and abandoning module VisualStudioCodeSourceCodeAccess (316)
[2018.08.07-00.08.08:977][570]LogModuleManager: Shutting down and abandoning module UObjectPlugin (314)
[2018.08.07-00.08.08:977][570]LogModuleManager: Shutting down and abandoning module SubversionSourceControl (312)
[2018.08.07-00.08.08:980][570]LogModuleManager: Shutting down and abandoning module PerforceSourceControl (310)
[2018.08.07-00.08.08:993][570]LogModuleManager: Shutting down and abandoning module GitSourceControl (308)
[2018.08.07-00.08.09:002][570]LogModuleManager: Shutting down and abandoning module SourceControl (307)
[2018.08.07-00.08.09:013][570]LogModuleManager: Shutting down and abandoning module CLionSourceCodeAccess (304)
[2018.08.07-00.08.09:017][570]LogModuleManager: Shutting down and abandoning module LightPropagationVolumeEditor (302)
[2018.08.07-00.08.09:017][570]LogModuleManager: Shutting down and abandoning module PaperTiledImporter (300)
[2018.08.07-00.08.09:017][570]LogModuleManager: Shutting down and abandoning module PaperSpriteSheetImporter (298)
[2018.08.07-00.08.09:017][570]LogModuleManager: Shutting down and abandoning module Paper2DEditor (296)
[2018.08.07-00.08.09:034][570]LogModuleManager: Shutting down and abandoning module MeshPaint (295)
[2018.08.07-00.08.09:043][570]LogModuleManager: Shutting down and abandoning module SpaceMatch (292)
[2018.08.07-00.08.09:043][570]LogModuleManager: Shutting down and abandoning module AkAudio (290)
[2018.08.07-00.08.09:136][570]LogInit: Audiokinetic Audio Device terminated.
[2018.08.07-00.08.09:136][570]LogModuleManager: Shutting down and abandoning module RuntimePhysXCooking (288)
[2018.08.07-00.08.09:136][570]LogModuleManager: Shutting down and abandoning module PhysXVehiclesEditor (286)
[2018.08.07-00.08.09:136][570]LogModuleManager: Shutting down and abandoning module PhysXVehicles (284)
[2018.08.07-00.08.09:136][570]LogModuleManager: Shutting down and abandoning module OculusEditor (282)
[2018.08.07-00.08.09:136][570]LogModuleManager: Shutting down and abandoning module LocationServicesBPLibrary (280)
[2018.08.07-00.08.09:136][570]LogModuleManager: Shutting down and abandoning module ImmediatePhysicsEditor (278)
[2018.08.07-00.08.09:136][570]LogModuleManager: Shutting down and abandoning module ImmediatePhysics (276)
[2018.08.07-00.08.09:144][570]LogModuleManager: Shutting down and abandoning module ActorSequence (274)
[2018.08.07-00.08.09:145][570]LogModuleManager: Shutting down and abandoning module UdpMessaging (272)
[2018.08.07-00.08.09:260][570]LogModuleManager: Shutting down and abandoning module TcpMessaging (270)
[2018.08.07-00.08.09:368][570]LogModuleManager: Shutting down and abandoning module GameplayTagsEditor (268)
[2018.08.07-00.08.09:377][570]LogModuleManager: Shutting down and abandoning module FacialAnimationEditor (266)
[2018.08.07-00.08.09:377][570]LogModuleManager: Shutting down and abandoning module FacialAnimation (264)
[2018.08.07-00.08.09:377][570]LogModuleManager: Shutting down and abandoning module DataValidation (262)
[2018.08.07-00.08.09:377][570]LogModuleManager: Shutting down and abandoning module AssetManagerEditor (260)
[2018.08.07-00.08.09:390][570]LogModuleManager: Shutting down and abandoning module LevelEditor (259)
[2018.08.07-00.08.09:417][570]LogModuleManager: Shutting down and abandoning module PixelInspectorModule (258)
[2018.08.07-00.08.09:421][570]LogModuleManager: Shutting down and abandoning module CommonMenuExtensions (256)
[2018.08.07-00.08.09:422][570]LogModuleManager: Shutting down and abandoning module MainFrame (254)
[2018.08.07-00.08.09:422][570]LogModuleManager: Shutting down and abandoning module HotReload (253)
[2018.08.07-00.08.09:427][570]LogDirectoryWatcher: A directory notification for 'C:/Users/jeang/Documents/biopunchteam/SpaceMatch/Binaries/Win64' was aborted.
[2018.08.07-00.08.09:427][570]LogDirectoryWatcher: A directory notification for 'C:/Users/jeang/Documents/biopunchteam/SpaceMatch/Plugins/Wwise/Binaries/Win64' was aborted.
[2018.08.07-00.08.09:428][570]LogModuleManager: Shutting down and abandoning module ContentBrowser (249)
[2018.08.07-00.08.09:429][570]LogModuleManager: Shutting down and abandoning module TreeMap (247)
[2018.08.07-00.08.09:437][570]LogModuleManager: Shutting down and abandoning module LightPropagationVolumeRuntime (244)
[2018.08.07-00.08.09:437][570]LogModuleManager: Shutting down and abandoning module LiveLinkEditor (242)
[2018.08.07-00.08.09:453][570]LogModuleManager: Shutting down and abandoning module LiveLink (240)
[2018.08.07-00.08.09:970][570]LogModuleManager: Shutting down and abandoning module Paper2D (238)
[2018.08.07-00.08.09:980][570]LogModuleManager: Shutting down and abandoning module WindowsMoviePlayer (236)
[2018.08.07-00.08.09:996][570]LogModuleManager: Shutting down and abandoning module WmfMedia (234)
[2018.08.07-00.08.10:004][570]LogModuleManager: Shutting down and abandoning module Media (233)
[2018.08.07-00.08.10:010][570]LogModuleManager: Shutting down and abandoning module PacketHandler (230)
[2018.08.07-00.08.10:010][570]LogModuleManager: Shutting down and abandoning module ClothingSystemEditor (228)
[2018.08.07-00.08.10:010][570]LogModuleManager: Shutting down and abandoning module ClothingSystemRuntime (226)
[2018.08.07-00.08.10:018][570]LogModuleManager: Shutting down and abandoning module MediaAssets (224)
[2018.08.07-00.08.10:018][570]LogModuleManager: Shutting down and abandoning module Overlay (222)
[2018.08.07-00.08.10:018][570]LogModuleManager: Shutting down and abandoning module OverlayEditor (221)
[2018.08.07-00.08.10:018][570]LogModuleManager: Shutting down and abandoning module VREditor (218)
[2018.08.07-00.08.10:035][570]LogModuleManager: Shutting down and abandoning module StringTableEditor (216)
[2018.08.07-00.08.10:035][570]LogModuleManager: Shutting down and abandoning module GameplayTasksEditor (214)
[2018.08.07-00.08.10:035][570]LogModuleManager: Shutting down and abandoning module BehaviorTreeEditor (212)
[2018.08.07-00.08.10:070][570]LogModuleManager: Shutting down and abandoning module FunctionalTesting (210)
[2018.08.07-00.08.10:074][570]LogModuleManager: Shutting down and abandoning module CollisionAnalyzer (208)
[2018.08.07-00.08.10:079][570]LogModuleManager: Shutting down and abandoning module WorkspaceMenuStructure (207)
[2018.08.07-00.08.10:079][570]LogModuleManager: Shutting down and abandoning module UMG (204)
[2018.08.07-00.08.10:093][570]LogModuleManager: Shutting down and abandoning module UMGEditor (203)
[2018.08.07-00.08.10:166][570]LogModuleManager: Shutting down and abandoning module Sequencer (202)
[2018.08.07-00.08.10:188][570]LogModuleManager: Shutting down and abandoning module MessageLog (199)
[2018.08.07-00.08.10:188][570]LogModuleManager: Shutting down and abandoning module SlateReflector (194)
[2018.08.07-00.08.10:206][570]LogModuleManager: Shutting down and abandoning module Slate (192)
[2018.08.07-00.08.10:206][570]LogModuleManager: Shutting down and abandoning module EditorStyle (190)
[2018.08.07-00.08.10:208][570]LogModuleManager: Shutting down and abandoning module MRMesh (188)
[2018.08.07-00.08.10:208][570]LogModuleManager: Shutting down and abandoning module SourceCodeAccess (186)
[2018.08.07-00.08.10:208][570]LogModuleManager: Shutting down and abandoning module HeadMountedDisplay (184)
[2018.08.07-00.08.10:208][570]LogModuleManager: Shutting down and abandoning module XAudio2 (182)
[2018.08.07-00.08.10:208][570]LogModuleManager: Shutting down and abandoning module Networking (180)
[2018.08.07-00.08.10:209][570]LogModuleManager: Shutting down and abandoning module Core (178)
[2018.08.07-00.08.10:209][570]LogModuleManager: Shutting down and abandoning module LevelSequence (176)
[2018.08.07-00.08.10:219][570]LogModuleManager: Shutting down and abandoning module KismetCompiler (174)
[2018.08.07-00.08.10:219][570]LogModuleManager: Shutting down and abandoning module MeshUtilities (172)
[2018.08.07-00.08.10:228][570]LogModuleManager: Shutting down and abandoning module MeshMergeUtilities (171)
[2018.08.07-00.08.10:228][570]LogModuleManager: Shutting down and abandoning module MeshReductionInterface (170)
[2018.08.07-00.08.10:228][570]LogModuleManager: Shutting down and abandoning module SimplygonSwarm (169)
[2018.08.07-00.08.10:233][570]LogModuleManager: Shutting down and abandoning module SimplygonMeshReduction (167)
[2018.08.07-00.08.10:240][570]LogModuleManager: Shutting down and abandoning module QuadricMeshReduction (165)
[2018.08.07-00.08.10:250][570]LogModuleManager: Shutting down and abandoning module MaterialBaking (161)
[2018.08.07-00.08.10:259][570]LogModuleManager: Shutting down and abandoning module DirectoryWatcher (157)
[2018.08.07-00.08.10:261][570]LogModuleManager: Shutting down and abandoning module DerivedDataCache (154)
[2018.08.07-00.08.10:340][570]LogDerivedDataCache: Shutdown
[2018.08.07-00.08.10:340][570]LogModuleManager: Shutting down and abandoning module XGEController (152)
[2018.08.07-00.08.10:340][570]LogXGEController: Cleaning working directory: C:/Users/jeang/AppData/Local/Temp/UnrealXGEWorkingDir/
[2018.08.07-00.08.10:340][570]LogModuleManager: Shutting down and abandoning module TargetPlatform (150)
[2018.08.07-00.08.10:340][570]LogModuleManager: Shutting down and abandoning module VulkanShaderFormat (149)
[2018.08.07-00.08.10:352][570]LogModuleManager: Shutting down and abandoning module ShaderFormatVectorVM (147)
[2018.08.07-00.08.10:359][570]LogModuleManager: Shutting down and abandoning module ShaderFormatOpenGL (145)
[2018.08.07-00.08.10:366][570]LogModuleManager: Shutting down and abandoning module ShaderFormatD3D (143)
[2018.08.07-00.08.10:373][570]LogModuleManager: Shutting down and abandoning module MetalShaderFormat (141)
[2018.08.07-00.08.10:389][570]LogModuleManager: Shutting down and abandoning module TextureFormatUncompressed (139)
[2018.08.07-00.08.10:389][570]LogModuleManager: Shutting down and abandoning module TextureFormatPVR (137)
[2018.08.07-00.08.10:389][570]LogModuleManager: Shutting down and abandoning module TextureFormatDXT (135)
[2018.08.07-00.08.10:389][570]LogModuleManager: Shutting down and abandoning module TextureFormatIntelISPCTexComp (133)
[2018.08.07-00.08.10:399][570]LogModuleManager: Shutting down and abandoning module TextureFormatASTC (131)
[2018.08.07-00.08.10:399][570]LogModuleManager: Shutting down and abandoning module ImageWrapper (130)
[2018.08.07-00.08.10:399][570]LogModuleManager: Shutting down and abandoning module TextureFormatAndroid (127)
[2018.08.07-00.08.10:399][570]LogModuleManager: Shutting down and abandoning module AudioFormatOpus (125)
[2018.08.07-00.08.10:399][570]LogModuleManager: Shutting down and abandoning module AudioFormatOgg (123)
[2018.08.07-00.08.10:399][570]LogModuleManager: Shutting down and abandoning module AudioFormatADPCM (121)
[2018.08.07-00.08.10:399][570]LogModuleManager: Shutting down and abandoning module LinuxTargetPlatform (119)
[2018.08.07-00.08.10:399][570]LogModuleManager: Shutting down and abandoning module LinuxServerTargetPlatform (117)
[2018.08.07-00.08.10:399][570]LogModuleManager: Shutting down and abandoning module LinuxNoEditorTargetPlatform (115)
[2018.08.07-00.08.10:399][570]LogModuleManager: Shutting down and abandoning module LinuxClientTargetPlatform (113)
[2018.08.07-00.08.10:399][570]LogModuleManager: Shutting down and abandoning module TVOSTargetPlatform (111)
[2018.08.07-00.08.10:399][570]LogModuleManager: Shutting down and abandoning module Messaging (109)
[2018.08.07-00.08.10:399][570]LogModuleManager: Shutting down and abandoning module IOSTargetPlatform (107)
[2018.08.07-00.08.10:399][570]LogModuleManager: Shutting down and abandoning module HTML5TargetPlatform (105)
[2018.08.07-00.08.10:399][570]LogModuleManager: Shutting down and abandoning module AndroidTargetPlatform (103)
[2018.08.07-00.08.10:399][570]LogModuleManager: Shutting down and abandoning module Android_PVRTCTargetPlatform (101)
[2018.08.07-00.08.10:399][570]LogModuleManager: Shutting down and abandoning module Android_MultiTargetPlatform (99)
[2018.08.07-00.08.10:399][570]LogModuleManager: Shutting down and abandoning module Android_ETC2TargetPlatform (97)
[2018.08.07-00.08.10:399][570]LogModuleManager: Shutting down and abandoning module Android_ETC1TargetPlatform (95)
[2018.08.07-00.08.10:399][570]LogModuleManager: Shutting down and abandoning module Android_ETC1aTargetPlatform (93)
[2018.08.07-00.08.10:399][570]LogModuleManager: Shutting down and abandoning module Android_DXTTargetPlatform (91)
[2018.08.07-00.08.10:400][570]LogModuleManager: Shutting down and abandoning module Android_ATCTargetPlatform (89)
[2018.08.07-00.08.10:400][570]LogModuleManager: Shutting down and abandoning module Android_ASTCTargetPlatform (87)
[2018.08.07-00.08.10:400][570]LogModuleManager: Shutting down and abandoning module WindowsTargetPlatform (85)
[2018.08.07-00.08.10:400][570]LogModuleManager: Shutting down and abandoning module WindowsServerTargetPlatform (83)
[2018.08.07-00.08.10:400][570]LogModuleManager: Shutting down and abandoning module WindowsNoEditorTargetPlatform (81)
[2018.08.07-00.08.10:400][570]LogModuleManager: Shutting down and abandoning module WindowsClientTargetPlatform (79)
[2018.08.07-00.08.10:400][570]LogModuleManager: Shutting down and abandoning module MacTargetPlatform (77)
[2018.08.07-00.08.10:400][570]LogModuleManager: Shutting down and abandoning module MacServerTargetPlatform (75)
[2018.08.07-00.08.10:400][570]LogModuleManager: Shutting down and abandoning module MacNoEditorTargetPlatform (73)
[2018.08.07-00.08.10:400][570]LogModuleManager: Shutting down and abandoning module MacClientTargetPlatform (71)
[2018.08.07-00.08.10:400][570]LogModuleManager: Shutting down and abandoning module AllDesktopTargetPlatform (69)
[2018.08.07-00.08.10:400][570]LogModuleManager: Shutting down and abandoning module InputCore (66)
[2018.08.07-00.08.10:400][570]LogModuleManager: Shutting down and abandoning module Settings (64)
[2018.08.07-00.08.10:400][570]LogModuleManager: Shutting down and abandoning module PhysXCooking (62)
[2018.08.07-00.08.10:400][570]LogModuleManager: Shutting down and abandoning module SteamVR (60)
[2018.08.07-00.08.10:400][570]LogModuleManager: Shutting down and abandoning module OculusHMD (58)
[2018.08.07-00.08.10:417][570]LogModuleManager: Shutting down and abandoning module ExampleDeviceProfileSelector (56)
[2018.08.07-00.08.10:418][570]LogModuleManager: Shutting down and abandoning module AppleARKit (54)
[2018.08.07-00.08.10:418][570]LogModuleManager: Shutting down and abandoning module AugmentedReality (51)
[2018.08.07-00.08.10:418][570]LogModuleManager: Shutting down and abandoning module OnlineBlueprintSupport (48)
[2018.08.07-00.08.10:418][570]LogModuleManager: Shutting down and abandoning module OnlineSubsystem (44)
[2018.08.07-00.08.10:445][570]LogModuleManager: Shutting down and abandoning module XMPP (43)
[2018.08.07-00.08.10:459][570]LogModuleManager: Shutting down and abandoning module HTTP (41)
[2018.08.07-00.08.10:467][570]LogHttp: Display: Http module shutting down, but needs to wait on 1 outstanding Http requests:
[2018.08.07-00.08.10:467][570]LogHttp: Display: 	verb=[POST] url=[https://datarouter.ol.epicgames.com/datarouter/api/v1/public/data?SessionID=%7B6696CACB-4E03-4336-BA7A-66BAA665E334%7D&AppID=UEEditor.Rocket.Release&AppVersion=4.19.2-4033788%2B%2B%2BUE4%2BRelease-4.19&UserID=96a1f3c44ce0cf6c0b9a9e8acc590b46%7Caa63983dbd9a449b81068e2c9fd44eb5%7C1e040fdc-9ddb-4557-b42e-9a880930ac43&AppEnvironment=datacollector-binary&UploadType=eteventstream] status=Processing
[2018.08.07-00.08.10:478][570]LogModuleManager: Shutting down and abandoning module SSL (40)
[2018.08.07-00.08.10:487][570]LogModuleManager: Shutting down and abandoning module AnimationModifiers (36)
[2018.08.07-00.08.10:505][570]LogModuleManager: Shutting down and abandoning module PropertyEditor (35)
[2018.08.07-00.08.10:528][570]LogModuleManager: Shutting down and abandoning module AudioEditor (32)
[2018.08.07-00.08.10:542][570]LogModuleManager: Shutting down and abandoning module TextureCompressor (30)
[2018.08.07-00.08.10:542][570]LogModuleManager: Shutting down and abandoning module ShaderCore (28)
[2018.08.07-00.08.10:542][570]LogModuleManager: Shutting down and abandoning module Landscape (26)
[2018.08.07-00.08.10:542][570]LogModuleManager: Shutting down and abandoning module SlateRHIRenderer (24)
[2018.08.07-00.08.10:567][570]LogModuleManager: Shutting down and abandoning module OpenGLDrv (22)
[2018.08.07-00.08.10:579][570]LogModuleManager: Shutting down and abandoning module D3D11RHI (20)
[2018.08.07-00.08.10:579][570]LogModuleManager: Shutting down and abandoning module AnimGraphRuntime (18)
[2018.08.07-00.08.10:584][570]LogModuleManager: Shutting down and abandoning module Renderer (16)
[2018.08.07-00.08.10:585][570]LogModuleManager: Shutting down and abandoning module Engine (14)
[2018.08.07-00.08.10:585][570]LogModuleManager: Shutting down and abandoning module CoreUObject (12)
[2018.08.07-00.08.10:585][570]LogModuleManager: Shutting down and abandoning module NetworkFile (10)
[2018.08.07-00.08.10:590][570]LogModuleManager: Shutting down and abandoning module CookedIterativeFile (8)
[2018.08.07-00.08.10:590][570]LogModuleManager: Shutting down and abandoning module StreamingFile (6)
[2018.08.07-00.08.10:598][570]LogModuleManager: Shutting down and abandoning module SandboxFile (4)
[2018.08.07-00.08.10:604][570]LogModuleManager: Shutting down and abandoning module PakFile (2)
[2018.08.07-00.08.10:639][570]LogExit: Exiting.
[2018.08.07-00.08.10:717][570]Log file closed, 08/06/18 20:08:10
